This is pdfTeX, Version 3.14159265-2.6-1.40.17 (MiKTeX 2.9 64-bit) (preloaded format=pdflatex 2016.8.15)  15 AUG 2016 18:59
entering extended mode
**./document_final.tex
(document_final.tex
LaTeX2e <2016/03/31> patch level 1
Babel <3.9r> and hyphenation patterns for 75 language(s) loaded.
("C:\Program Files\MiKTeX 2.9\tex\latex\base\book.cls"
Document Class: book 2014/09/29 v1.4h Standard LaTeX document class
("C:\Program Files\MiKTeX 2.9\tex\latex\base\bk12.clo"
File: bk12.clo 2014/09/29 v1.4h Standard LaTeX file (size option)
)
\c@part=\count79
\c@chapter=\count80
\c@section=\count81
\c@subsection=\count82
\c@subsubsection=\count83
\c@paragraph=\count84
\c@subparagraph=\count85
\c@figure=\count86
\c@table=\count87
\abovecaptionskip=\skip41
\belowcaptionskip=\skip42
\bibindent=\dimen102
)
("C:\Program Files\MiKTeX 2.9\tex\latex\cite\cite.sty"
LaTeX Info: Redefining \cite on input line 302.
LaTeX Info: Redefining \nocite on input line 332.
Package: cite 2015/02/27  v 5.5
)
("C:\Program Files\MiKTeX 2.9\tex\latex\base\fontenc.sty"
Package: fontenc 2005/09/27 v1.99g Standard LaTeX package

("C:\Program Files\MiKTeX 2.9\tex\latex\base\t1enc.def"
File: t1enc.def 2005/09/27 v1.99g Standard LaTeX file
LaTeX Font Info:    Redeclaring font encoding T1 on input line 48.
))
("C:\Program Files\MiKTeX 2.9\tex\latex\base\inputenc.sty"
Package: inputenc 2015/03/17 v1.2c Input encoding file
\inpenc@prehook=\toks14
\inpenc@posthook=\toks15

("C:\Program Files\MiKTeX 2.9\tex\latex\base\ansinew.def"
File: ansinew.def 2015/03/17 v1.2c Input encoding file
))
("C:\Program Files\MiKTeX 2.9\tex\generic\babel\babel.sty"
Package: babel 2016/04/23 3.9r The Babel package

*************************************
* Local config file bblopts.cfg used
*
("C:\Program Files\MiKTeX 2.9\tex\latex\arabi\bblopts.cfg"
File: bblopts.cfg 2005/09/08 v0.1 add Arabic and Farsi to "declared" options of
 babel
)
("C:\Program Files\MiKTeX 2.9\tex\latex\babel-french\frenchb.ldf"
Language: frenchb 2016/05/14 v3.2c French support from the babel system

("C:\Program Files\MiKTeX 2.9\tex\generic\babel\babel.def"
File: babel.def 2016/04/23 3.9r Babel common definitions
\babel@savecnt=\count88
\U@D=\dimen103
)
\l@acadian = a dialect from \language\l@french 
\l@canadien = a dialect from \language\l@french 
\FB@nonchar=\count89
\FBcolonskip=\skip43
\FBthinskip=\skip44
Package babel Info: Making : an active character on input line 365.
Package babel Info: Making ; an active character on input line 366.
Package babel Info: Making ! an active character on input line 367.
Package babel Info: Making ? an active character on input line 368.
\FBguillskip=\skip45
\FBguill@level=\count90
\FB@everypar=\toks16
\FB@Mht=\dimen104
\std@mcc=\count91
\dec@mcc=\count92
\listindentFB=\skip46
\labelwidthFB=\skip47
\leftmarginFB=\skip48
\parindentFFN=\dimen105
\FBfnindent=\skip49
))
("C:\Program Files\MiKTeX 2.9\tex\latex\carlisle\scalefnt.sty")
("C:\Program Files\MiKTeX 2.9\tex\latex\graphics\keyval.sty"
Package: keyval 2014/10/28 v1.15 key=value parser (DPC)
\KV@toks@=\toks17
)
("C:\Program Files\MiKTeX 2.9\tex\latex\graphics\graphicx.sty"
Package: graphicx 2014/10/28 v1.0g Enhanced LaTeX Graphics (DPC,SPQR)

("C:\Program Files\MiKTeX 2.9\tex\latex\graphics\graphics.sty"
Package: graphics 2016/06/02 v1.0s Standard LaTeX Graphics (DPC,SPQR)

("C:\Program Files\MiKTeX 2.9\tex\latex\graphics\trig.sty"
Package: trig 2016/01/03 v1.10 sin cos tan (DPC)
)
("C:\Program Files\MiKTeX 2.9\tex\latex\00miktex\graphics.cfg"
File: graphics.cfg 2016/06/04 v1.11 sample graphics configuration
)
Package graphics Info: Driver file: pdftex.def on input line 99.

("C:\Program Files\MiKTeX 2.9\tex\latex\pdftex-def\pdftex.def"
File: pdftex.def 2016/06/17 v0.06h Graphics/color for pdfTeX

("C:\Program Files\MiKTeX 2.9\tex\generic\oberdiek\infwarerr.sty"
Package: infwarerr 2016/05/16 v1.4 Providing info/warning/error messages (HO)
)
("C:\Program Files\MiKTeX 2.9\tex\generic\oberdiek\ltxcmds.sty"
Package: ltxcmds 2016/05/16 v1.23 LaTeX kernel commands for general use (HO)
)
\Gread@gobject=\count93
))
\Gin@req@height=\dimen106
\Gin@req@width=\dimen107
)
("C:\Program Files\MiKTeX 2.9\tex\latex\wrapfig\wrapfig.sty"
\wrapoverhang=\dimen108
\WF@size=\dimen109
\c@WF@wrappedlines=\count94
\WF@box=\box26
\WF@everypar=\toks18
Package: wrapfig 2003/01/31  v 3.6
)
("C:\Program Files\MiKTeX 2.9\tex\latex\lipsum\lipsum.sty"
Package: lipsum 2014/07/27 v1.3 150 paragraphs of Lorem Ipsum dummy text
\c@lips@count=\count95
)
("C:\Program Files\MiKTeX 2.9\tex\latex\hyperref\hyperref.sty"
Package: hyperref 2016/05/21 v6.83p Hypertext links for LaTeX

("C:\Program Files\MiKTeX 2.9\tex\generic\oberdiek\hobsub-hyperref.sty"
Package: hobsub-hyperref 2016/05/16 v1.14 Bundle oberdiek, subset hyperref (HO)


("C:\Program Files\MiKTeX 2.9\tex\generic\oberdiek\hobsub-generic.sty"
Package: hobsub-generic 2016/05/16 v1.14 Bundle oberdiek, subset generic (HO)
Package: hobsub 2016/05/16 v1.14 Construct package bundles (HO)
Package hobsub Info: Skipping package `infwarerr' (already loaded).
Package hobsub Info: Skipping package `ltxcmds' (already loaded).
Package: ifluatex 2016/05/16 v1.4 Provides the ifluatex switch (HO)
Package ifluatex Info: LuaTeX not detected.
Package: ifvtex 2016/05/16 v1.6 Detect VTeX and its facilities (HO)
Package ifvtex Info: VTeX not detected.
Package: intcalc 2016/05/16 v1.2 Expandable calculations with integers (HO)
Package: ifpdf 2016/05/14 v3.1 Provides the ifpdf switch
Package: etexcmds 2016/05/16 v1.6 Avoid name clashes with e-TeX commands (HO)
Package etexcmds Info: Could not find \expanded.
(etexcmds)             That can mean that you are not using pdfTeX 1.50 or
(etexcmds)             that some package has redefined \expanded.
(etexcmds)             In the latter case, load this package earlier.
Package: kvsetkeys 2016/05/16 v1.17 Key value parser (HO)
Package: kvdefinekeys 2016/05/16 v1.4 Define keys (HO)
Package: pdftexcmds 2016/05/21 v0.22 Utility functions of pdfTeX for LuaTeX (HO
)
Package pdftexcmds Info: LuaTeX not detected.
Package pdftexcmds Info: \pdf@primitive is available.
Package pdftexcmds Info: \pdf@ifprimitive is available.
Package pdftexcmds Info: \pdfdraftmode found.
Package: pdfescape 2016/05/16 v1.14 Implements pdfTeX's escape features (HO)
Package: bigintcalc 2016/05/16 v1.4 Expandable calculations on big integers (HO
)
Package: bitset 2016/05/16 v1.2 Handle bit-vector datatype (HO)
Package: uniquecounter 2016/05/16 v1.3 Provide unlimited unique counter (HO)
)
Package hobsub Info: Skipping package `hobsub' (already loaded).
Package: letltxmacro 2016/05/16 v1.5 Let assignment for LaTeX macros (HO)
Package: hopatch 2016/05/16 v1.3 Wrapper for package hooks (HO)
Package: xcolor-patch 2016/05/16 xcolor patch
Package: atveryend 2016/05/16 v1.9 Hooks at the very end of document (HO)
Package atveryend Info: \enddocument detected (standard20110627).
Package: atbegshi 2016/06/09 v1.18 At begin shipout hook (HO)
Package: refcount 2016/05/16 v3.5 Data extraction from label references (HO)
Package: hycolor 2016/05/16 v1.8 Color options for hyperref/bookmark (HO)
)
("C:\Program Files\MiKTeX 2.9\tex\generic\ifxetex\ifxetex.sty"
Package: ifxetex 2010/09/12 v0.6 Provides ifxetex conditional
)
("C:\Program Files\MiKTeX 2.9\tex\latex\oberdiek\auxhook.sty"
Package: auxhook 2016/05/16 v1.4 Hooks for auxiliary files (HO)
)
("C:\Program Files\MiKTeX 2.9\tex\latex\oberdiek\kvoptions.sty"
Package: kvoptions 2016/05/16 v3.12 Key value format for package options (HO)
)
\@linkdim=\dimen110
\Hy@linkcounter=\count96
\Hy@pagecounter=\count97

("C:\Program Files\MiKTeX 2.9\tex\latex\hyperref\pd1enc.def"
File: pd1enc.def 2016/05/21 v6.83p Hyperref: PDFDocEncoding definition (HO)
)
\Hy@SavedSpaceFactor=\count98

("C:\Program Files\MiKTeX 2.9\tex\latex\00miktex\hyperref.cfg"
File: hyperref.cfg 2002/06/06 v1.2 hyperref configuration of TeXLive
)
Package hyperref Info: Hyper figures OFF on input line 4486.
Package hyperref Info: Link nesting OFF on input line 4491.
Package hyperref Info: Hyper index ON on input line 4494.
Package hyperref Info: Plain pages OFF on input line 4501.
Package hyperref Info: Backreferencing OFF on input line 4506.
Package hyperref Info: Implicit mode ON; LaTeX internals redefined.
Package hyperref Info: Bookmarks ON on input line 4735.
\c@Hy@tempcnt=\count99

("C:\Program Files\MiKTeX 2.9\tex\latex\url\url.sty"
\Urlmuskip=\muskip10
Package: url 2013/09/16  ver 3.4  Verb mode for urls, etc.
)
LaTeX Info: Redefining \url on input line 5088.
\XeTeXLinkMargin=\dimen111
\Fld@menulength=\count100
\Field@Width=\dimen112
\Fld@charsize=\dimen113
Package hyperref Info: Hyper figures OFF on input line 6342.
Package hyperref Info: Link nesting OFF on input line 6347.
Package hyperref Info: Hyper index ON on input line 6350.
Package hyperref Info: backreferencing OFF on input line 6357.
Package hyperref Info: Link coloring OFF on input line 6362.
Package hyperref Info: Link coloring with OCG OFF on input line 6367.
Package hyperref Info: PDF/A mode OFF on input line 6372.
LaTeX Info: Redefining \ref on input line 6412.
LaTeX Info: Redefining \pageref on input line 6416.
\Hy@abspage=\count101
\c@Item=\count102
\c@Hfootnote=\count103
)

Package hyperref Message: Driver (autodetected): hpdftex.

("C:\Program Files\MiKTeX 2.9\tex\latex\hyperref\hpdftex.def"
File: hpdftex.def 2016/05/21 v6.83p Hyperref driver for pdfTeX
\Fld@listcount=\count104
\c@bookmark@seq@number=\count105

("C:\Program Files\MiKTeX 2.9\tex\latex\oberdiek\rerunfilecheck.sty"
Package: rerunfilecheck 2016/05/16 v1.8 Rerun checks for auxiliary files (HO)
Package uniquecounter Info: New unique counter `rerunfilecheck' on input line 2
82.
)
\Hy@SectionHShift=\skip50
)
("C:\Program Files\MiKTeX 2.9\tex\latex\caption\caption.sty"
Package: caption 2016/02/21 v3.3-144 Customizing captions (AR)

("C:\Program Files\MiKTeX 2.9\tex\latex\caption\caption3.sty"
Package: caption3 2016/05/22 v1.7-166 caption3 kernel (AR)
Package caption3 Info: TeX engine: e-TeX on input line 67.
\captionmargin=\dimen114
\captionmargin@=\dimen115
\captionwidth=\dimen116
\caption@tempdima=\dimen117
\caption@indent=\dimen118
\caption@parindent=\dimen119
\caption@hangindent=\dimen120
)
\c@ContinuedFloat=\count106
Package caption Info: hyperref package is loaded.
Package caption Info: wrapfig package is loaded.
)
("C:\Program Files\MiKTeX 2.9\tex\latex\multirow\multirow.sty"
\bigstrutjot=\dimen121
)
Package hyperref Info: Option `colorlinks' set `true' on input line 18.


Package hyperref Warning: Option `pdftex' has already been used,
(hyperref)                setting the option has no effect on input line 18.

("C:\Program Files\MiKTeX 2.9\tex\latex\lm\lmodern.sty"
Package: lmodern 2009/10/30 v1.6 Latin Modern Fonts
LaTeX Font Info:    Overwriting symbol font `operators' in version `normal'
(Font)                  OT1/cmr/m/n --> OT1/lmr/m/n on input line 22.
LaTeX Font Info:    Overwriting symbol font `letters' in version `normal'
(Font)                  OML/cmm/m/it --> OML/lmm/m/it on input line 23.
LaTeX Font Info:    Overwriting symbol font `symbols' in version `normal'
(Font)                  OMS/cmsy/m/n --> OMS/lmsy/m/n on input line 24.
LaTeX Font Info:    Overwriting symbol font `largesymbols' in version `normal'
(Font)                  OMX/cmex/m/n --> OMX/lmex/m/n on input line 25.
LaTeX Font Info:    Overwriting symbol font `operators' in version `bold'
(Font)                  OT1/cmr/bx/n --> OT1/lmr/bx/n on input line 26.
LaTeX Font Info:    Overwriting symbol font `letters' in version `bold'
(Font)                  OML/cmm/b/it --> OML/lmm/b/it on input line 27.
LaTeX Font Info:    Overwriting symbol font `symbols' in version `bold'
(Font)                  OMS/cmsy/b/n --> OMS/lmsy/b/n on input line 28.
LaTeX Font Info:    Overwriting symbol font `largesymbols' in version `bold'
(Font)                  OMX/cmex/m/n --> OMX/lmex/m/n on input line 29.
LaTeX Font Info:    Overwriting math alphabet `\mathbf' in version `normal'
(Font)                  OT1/cmr/bx/n --> OT1/lmr/bx/n on input line 31.
LaTeX Font Info:    Overwriting math alphabet `\mathsf' in version `normal'
(Font)                  OT1/cmss/m/n --> OT1/lmss/m/n on input line 32.
LaTeX Font Info:    Overwriting math alphabet `\mathit' in version `normal'
(Font)                  OT1/cmr/m/it --> OT1/lmr/m/it on input line 33.
LaTeX Font Info:    Overwriting math alphabet `\mathtt' in version `normal'
(Font)                  OT1/cmtt/m/n --> OT1/lmtt/m/n on input line 34.
LaTeX Font Info:    Overwriting math alphabet `\mathbf' in version `bold'
(Font)                  OT1/cmr/bx/n --> OT1/lmr/bx/n on input line 35.
LaTeX Font Info:    Overwriting math alphabet `\mathsf' in version `bold'
(Font)                  OT1/cmss/bx/n --> OT1/lmss/bx/n on input line 36.
LaTeX Font Info:    Overwriting math alphabet `\mathit' in version `bold'
(Font)                  OT1/cmr/bx/it --> OT1/lmr/bx/it on input line 37.
LaTeX Font Info:    Overwriting math alphabet `\mathtt' in version `bold'
(Font)                  OT1/cmtt/m/n --> OT1/lmtt/m/n on input line 38.
)
("C:\Program Files\MiKTeX 2.9\tex\latex\eurosym\eurosym.sty"
Package: eurosym 1998/08/06 v1.1 European currency symbol ``Euro''
\@eurobox=\box27
)
("C:\Program Files\MiKTeX 2.9\tex\latex\amsmath\amsmath.sty"
Package: amsmath 2016/03/10 v2.15b AMS math features
\@mathmargin=\skip51

For additional information on amsmath, use the `?' option.
("C:\Program Files\MiKTeX 2.9\tex\latex\amsmath\amstext.sty"
Package: amstext 2000/06/29 v2.01 AMS text

("C:\Program Files\MiKTeX 2.9\tex\latex\amsmath\amsgen.sty"
File: amsgen.sty 1999/11/30 v2.0 generic functions
\@emptytoks=\toks19
\ex@=\dimen122
))
("C:\Program Files\MiKTeX 2.9\tex\latex\amsmath\amsbsy.sty"
Package: amsbsy 1999/11/29 v1.2d Bold Symbols
\pmbraise@=\dimen123
)
("C:\Program Files\MiKTeX 2.9\tex\latex\amsmath\amsopn.sty"
Package: amsopn 2016/03/08 v2.02 operator names
)
\inf@bad=\count107
LaTeX Info: Redefining \frac on input line 199.
\uproot@=\count108
\leftroot@=\count109
LaTeX Info: Redefining \overline on input line 297.
\classnum@=\count110
\DOTSCASE@=\count111
LaTeX Info: Redefining \ldots on input line 394.
LaTeX Info: Redefining \dots on input line 397.
LaTeX Info: Redefining \cdots on input line 518.
\Mathstrutbox@=\box28
\strutbox@=\box29
\big@size=\dimen124
LaTeX Font Info:    Redeclaring font encoding OML on input line 634.
LaTeX Font Info:    Redeclaring font encoding OMS on input line 635.
\macc@depth=\count112
\c@MaxMatrixCols=\count113
\dotsspace@=\muskip11
\c@parentequation=\count114
\dspbrk@lvl=\count115
\tag@help=\toks20
\row@=\count116
\column@=\count117
\maxfields@=\count118
\andhelp@=\toks21
\eqnshift@=\dimen125
\alignsep@=\dimen126
\tagshift@=\dimen127
\tagwidth@=\dimen128
\totwidth@=\dimen129
\lineht@=\dimen130
\@envbody=\toks22
\multlinegap=\skip52
\multlinetaggap=\skip53
\mathdisplay@stack=\toks23
LaTeX Info: Redefining \[ on input line 2739.
LaTeX Info: Redefining \] on input line 2740.
)
("C:\Program Files\MiKTeX 2.9\tex\latex\amsfonts\amssymb.sty"
Package: amssymb 2013/01/14 v3.01 AMS font symbols

("C:\Program Files\MiKTeX 2.9\tex\latex\amsfonts\amsfonts.sty"
Package: amsfonts 2013/01/14 v3.01 Basic AMSFonts support
\symAMSa=\mathgroup4
\symAMSb=\mathgroup5
LaTeX Font Info:    Overwriting math alphabet `\mathfrak' in version `bold'
(Font)                  U/euf/m/n --> U/euf/b/n on input line 106.
))
("C:\Program Files\MiKTeX 2.9\tex\latex\psnfss\pifont.sty"
Package: pifont 2005/04/12 PSNFSS-v9.2a Pi font support (SPQR) 
LaTeX Font Info:    Try loading font information for U+pzd on input line 63.

("C:\Program Files\MiKTeX 2.9\tex\latex\psnfss\upzd.fd"
File: upzd.fd 2001/06/04 font definitions for U/pzd.
)
LaTeX Font Info:    Try loading font information for U+psy on input line 64.

("C:\Program Files\MiKTeX 2.9\tex\latex\psnfss\upsy.fd"
File: upsy.fd 2001/06/04 font definitions for U/psy.
))
("C:\Program Files\MiKTeX 2.9\tex\latex\ltxmisc\anysize.sty"
Package: anysize 1994/08/13 1.0 Contributed LaTeX2e package

Package: `anysize' 1.0 <1994/08/13>
\@Leftmargin=\dimen131
\@Rightmargin=\dimen132
\@Topmargin=\dimen133
\@Bottommargin=\dimen134
) ("C:\Program Files\MiKTeX 2.9\tex\latex\fancyhdr\fancyhdr.sty"
\fancy@headwidth=\skip54
\f@ncyO@elh=\skip55
\f@ncyO@erh=\skip56
\f@ncyO@olh=\skip57
\f@ncyO@orh=\skip58
\f@ncyO@elf=\skip59
\f@ncyO@erf=\skip60
\f@ncyO@olf=\skip61
\f@ncyO@orf=\skip62
)
("C:\Program Files\MiKTeX 2.9\tex\latex\fncychap\fncychap.sty"
Package: fncychap 2007/07/30 v1.34 LaTeX package (Revised chapters)
\RW=\skip63
\mylen=\skip64
\myhi=\skip65
\px=\skip66
\py=\skip67
\pyy=\skip68
\pxx=\skip69
)
("C:\Program Files\MiKTeX 2.9\tex\latex\fancybox\fancybox.sty"
Package: fancybox 2010/05/15 1.4

Style option: `fancybox' v1.4 <2010/05/15> (tvz)
\@fancybox=\box30
\shadowsize=\dimen135
\@Sbox=\box31
\do@VerbBox=\toks24
\the@fancyput=\toks25
\this@fancyput=\toks26
\EndVerbatimTokens=\toks27
\Verbatim@Outfile=\write3
\Verbatim@Infile=\read1
) ("C:\Program Files\MiKTeX 2.9\tex\latex\graphics\color.sty"
Package: color 2016/06/02 v1.1d Standard LaTeX Color (DPC)

("C:\Program Files\MiKTeX 2.9\tex\latex\00miktex\color.cfg"
File: color.cfg 2016/01/02 v1.6 sample color configuration
)
Package color Info: Driver file: pdftex.def on input line 147.
)
("C:\Program Files\MiKTeX 2.9\tex\latex\lettrine\lettrine.sty"
File: lettrine.sty 2015/08/31 v1.9 (Daniel Flipo)
\c@DefaultLines=\count119
\c@DefaultDepth=\count120
\DefaultFindent=\dimen136
\DefaultNindent=\dimen137
\DefaultSlope=\dimen138
\DiscardVskip=\dimen139
\L@lbox=\box32
\L@tbox=\box33
\c@L@lines=\count121
\c@L@depth=\count122
\L@Pindent=\dimen140
\L@Findent=\dimen141
\L@Nindent=\dimen142
\L@lraise=\dimen143
\L@first=\dimen144
\L@next=\dimen145
\L@slope=\dimen146
\L@height=\dimen147
\L@novskip=\dimen148
\LettrineWidth=\dimen149
\LettrineHeight=\dimen150
\LettrineDepth=\dimen151

Loading lettrine.cfg
("C:\Program Files\MiKTeX 2.9\tex\latex\lettrine\lettrine.cfg"))
("C:\Program Files\MiKTeX 2.9\tex\latex\titlesec\titletoc.sty"
Package: titletoc 2011/12/15 v1.6 TOC entries
\ttl@leftsep=\dimen152
)
("C:\Program Files\MiKTeX 2.9\tex\latex\graphics\lscape.sty"
Package: lscape 2000/10/22 v3.01 Landscape Pages (DPC)
)
("C:\Program Files\MiKTeX 2.9\tex\latex\enumitem\enumitem.sty"
Package: enumitem 2011/09/28 v3.5.2 Customized lists
\labelindent=\skip70
\enit@outerparindent=\dimen153
\enit@toks=\toks28
\enit@inbox=\box34
\enitdp@description=\count123
)
("C:\Program Files\MiKTeX 2.9\tex\latex\bold-extra\bold-extra.sty"
Package: bold-extra 2001/11/13 v0.1 Use fonts from cm/mf-extra/bold
)
("C:\Program Files\MiKTeX 2.9\tex\latex\float\float.sty"
Package: float 2001/11/08 v1.3d Float enhancements (AL)
\c@float@type=\count124
\float@exts=\toks29
\float@box=\box35
\@float@everytoks=\toks30
\@floatcapt=\box36
)
("C:\Program Files\MiKTeX 2.9\tex\latex\appendix\appendix.sty"
Package: appendix 2009/09/02 v1.2b extra appendix facilities
\c@@pps=\count125
\c@@ppsavesec=\count126
\c@@ppsaveapp=\count127
)
("C:\Program Files\MiKTeX 2.9\tex\latex\geometry\geometry.sty"
Package: geometry 2010/09/12 v5.6 Page Geometry
\Gm@cnth=\count128
\Gm@cntv=\count129
\c@Gm@tempcnt=\count130
\Gm@bindingoffset=\dimen154
\Gm@wd@mp=\dimen155
\Gm@odd@mp=\dimen156
\Gm@even@mp=\dimen157
\Gm@layoutwidth=\dimen158
\Gm@layoutheight=\dimen159
\Gm@layouthoffset=\dimen160
\Gm@layoutvoffset=\dimen161
\Gm@dimlist=\toks31

("C:\Program Files\MiKTeX 2.9\tex\latex\geometry\geometry.cfg"))
(document_final.aux (ppgarde.aux) (pagevide.aux) (dedicace.aux) (thanks.aux)
(abstract.aux) (symbabrev.aux) (pagevide.aux) (introduction.aux) (chapitre1.aux
) (pagevide.aux) (chapitre2.aux) (pagevide.aux) (chapitre3.aux) (pagevide.aux)
(chapitre4.aux

LaTeX Warning: Label `tab16' multiply defined.


LaTeX Warning: Label `tab26' multiply defined.


LaTeX Warning: Label `tab36' multiply defined.


LaTeX Warning: Label `tab31' multiply defined.


LaTeX Warning: Label `fig:CUs_diagramme3' multiply defined.


LaTeX Warning: Label `tab34' multiply defined.

) (pagevide.aux) (biblio1.aux) (pagevide.aux))
\openout1 = `document_final.aux'.

LaTeX Font Info:    Checking defaults for OML/cmm/m/it on input line 78.
LaTeX Font Info:    ... okay on input line 78.
LaTeX Font Info:    Checking defaults for T1/cmr/m/n on input line 78.
LaTeX Font Info:    ... okay on input line 78.
LaTeX Font Info:    Checking defaults for OT1/cmr/m/n on input line 78.
LaTeX Font Info:    ... okay on input line 78.
LaTeX Font Info:    Checking defaults for OMS/cmsy/m/n on input line 78.
LaTeX Font Info:    ... okay on input line 78.
LaTeX Font Info:    Checking defaults for OMX/cmex/m/n on input line 78.
LaTeX Font Info:    ... okay on input line 78.
LaTeX Font Info:    Checking defaults for U/cmr/m/n on input line 78.
LaTeX Font Info:    ... okay on input line 78.
LaTeX Font Info:    Checking defaults for PD1/pdf/m/n on input line 78.
LaTeX Font Info:    ... okay on input line 78.
LaTeX Font Info:    Try loading font information for T1+lmr on input line 78.

("C:\Program Files\MiKTeX 2.9\tex\latex\lm\t1lmr.fd"
File: t1lmr.fd 2009/10/30 v1.6 Font defs for Latin Modern
)
LaTeX Info: Redefining \degres on input line 78.
LaTeX Info: Redefining \dots on input line 78.
Package frenchb.ldf Info: Setting StandardItemizeEnv=true for
(frenchb.ldf)             compatibility with enumitem package,
(frenchb.ldf)              on input line 78.
Package frenchb.ldf Info: Setting StandardEnumerateEnv=true for
(frenchb.ldf)             compatibility with enumitem package,
(frenchb.ldf)              on input line 78.
LaTeX Info: Redefining \up on input line 78.

("C:\Program Files\MiKTeX 2.9\tex\context\base\supp-pdf.mkii"
[Loading MPS to PDF converter (version 2006.09.02).]
\scratchcounter=\count131
\scratchdimen=\dimen162
\scratchbox=\box37
\nofMPsegments=\count132
\nofMParguments=\count133
\everyMPshowfont=\toks32
\MPscratchCnt=\count134
\MPscratchDim=\dimen163
\MPnumerator=\count135
\makeMPintoPDFobject=\count136
\everyMPtoPDFconversion=\toks33
) ("C:\Program Files\MiKTeX 2.9\tex\latex\oberdiek\epstopdf-base.sty"
Package: epstopdf-base 2016/05/15 v2.6 Base part for package epstopdf

("C:\Program Files\MiKTeX 2.9\tex\latex\oberdiek\grfext.sty"
Package: grfext 2016/05/16 v1.2 Manage graphics extensions (HO)
)
Package epstopdf-base Info: Redefining graphics rule for `.eps' on input line 4
38.
Package grfext Info: Graphics extension search list:
(grfext)             [.png,.pdf,.jpg,.mps,.jpeg,.jbig2,.jb2,.PNG,.PDF,.JPG,.JPE
G,.JBIG2,.JB2,.eps]
(grfext)             \AppendGraphicsExtensions on input line 456.
)
\AtBeginShipoutBox=\box38
Package hyperref Info: Link coloring ON on input line 78.

("C:\Program Files\MiKTeX 2.9\tex\latex\hyperref\nameref.sty"
Package: nameref 2016/05/21 v2.44 Cross-referencing by name of section

("C:\Program Files\MiKTeX 2.9\tex\generic\oberdiek\gettitlestring.sty"
Package: gettitlestring 2016/05/16 v1.5 Cleanup title references (HO)
)
\c@section@level=\count137
)
LaTeX Info: Redefining \ref on input line 78.
LaTeX Info: Redefining \pageref on input line 78.
LaTeX Info: Redefining \nameref on input line 78.

(document_final.out) (document_final.out)
\@outlinefile=\write4
\openout4 = `document_final.out'.

Package caption Info: Begin \AtBeginDocument code.
Package caption Info: float package is loaded.
Package caption Info: End \AtBeginDocument code.

*geometry* driver: auto-detecting
*geometry* detected driver: pdftex
*geometry* verbose mode - [ preamble ] result:
* driver: pdftex
* paper: a4paper
* layout: <same size as paper>
* layoutoffset:(h,v)=(0.0pt,0.0pt)
* modes: twoside asymmetric 
* h-part:(L,W,R)=(86.72377pt, 438.51411pt, 72.26999pt)
* v-part:(T,H,B)=(72.26999pt, 700.50687pt, 72.26999pt)
* \paperwidth=597.50787pt
* \paperheight=845.04684pt
* \textwidth=438.51411pt
* \textheight=700.50687pt
* \oddsidemargin=14.45378pt
* \evensidemargin=14.45378pt
* \topmargin=-31.8738pt
* \headheight=12.0pt
* \headsep=19.8738pt
* \topskip=12.0pt
* \footskip=30.0pt
* \marginparwidth=88.0pt
* \marginparsep=7.0pt
* \columnsep=10.0pt
* \skip\footins=10.8pt plus 4.0pt minus 2.0pt
* \hoffset=0.0pt
* \voffset=0.0pt
* \mag=1000
* \@twocolumnfalse
* \@twosidetrue
* \@mparswitchfalse
* \@reversemarginfalse
* (1in=72.27pt=25.4mm, 1cm=28.453pt)

\openout2 = `ppgarde.aux'.

(ppgarde.tex <logo.jpeg, id=279, 108.405pt x 108.405pt>
File: logo.jpeg Graphic file (type jpg)
 <use logo.jpeg>
Package pdftex.def Info: logo.jpeg used on input line 14.
(pdftex.def)             Requested size: 86.7241pt x 86.7241pt.


LaTeX Font Warning: Font shape `T1/lmr/bx/sc' undefined
(Font)              using `T1/lmr/bx/n' instead on input line 20.

LaTeX Font Info:    Try loading font information for OT1+lmr on input line 39.
("C:\Program Files\MiKTeX 2.9\tex\latex\lm\ot1lmr.fd"
File: ot1lmr.fd 2009/10/30 v1.6 Font defs for Latin Modern
)
LaTeX Font Info:    Try loading font information for OML+lmm on input line 39.

("C:\Program Files\MiKTeX 2.9\tex\latex\lm\omllmm.fd"
File: omllmm.fd 2009/10/30 v1.6 Font defs for Latin Modern
)
LaTeX Font Info:    Try loading font information for OMS+lmsy on input line 39.


("C:\Program Files\MiKTeX 2.9\tex\latex\lm\omslmsy.fd"
File: omslmsy.fd 2009/10/30 v1.6 Font defs for Latin Modern
)
LaTeX Font Info:    Try loading font information for OMX+lmex on input line 39.


("C:\Program Files\MiKTeX 2.9\tex\latex\lm\omxlmex.fd"
File: omxlmex.fd 2009/10/30 v1.6 Font defs for Latin Modern
)
LaTeX Font Info:    External font `lmex10' loaded for size
(Font)              <12> on input line 39.
LaTeX Font Info:    External font `lmex10' loaded for size
(Font)              <8> on input line 39.
LaTeX Font Info:    External font `lmex10' loaded for size
(Font)              <6> on input line 39.
LaTeX Font Info:    Try loading font information for U+msa on input line 39.

("C:\Program Files\MiKTeX 2.9\tex\latex\amsfonts\umsa.fd"
File: umsa.fd 2013/01/14 v3.01 AMS symbols A
)
LaTeX Font Info:    Try loading font information for U+msb on input line 39.

("C:\Program Files\MiKTeX 2.9\tex\latex\amsfonts\umsb.fd"
File: umsb.fd 2013/01/14 v3.01 AMS symbols B
)
Overfull \hbox (5.5586pt too wide) in paragraph at lines 39--43
[][]  
 []

)

Package Fancyhdr Warning: \headheight is too small (12.0pt): 
 Make it at least 14.49998pt.
 We now make it that large for the rest of the document.
 This may cause the page layout to be inconsistent, however.

[1


{C:/ProgramData/MiKTeX/2.9/pdftex/config/pdftex.map} <./logo.jpeg>]
\openout2 = `pagevide.aux'.


(pagevide.tex) [2




]
\openout2 = `dedicace.aux'.

 (dedicace.tex) [3

]
\openout2 = `thanks.aux'.

 (thanks.tex) [4





]
\openout2 = `abstract.aux'.

 (abstract.tex [5




])
[6] (document_final.toc [7



] [8])
\tf@toc=\write5
\openout5 = `document_final.toc'.

 [9]
\openout2 = `symbabrev.aux'.

 (symbabrev.tex
LaTeX Font Info:    External font `lmex10' loaded for size
(Font)              <10.95> on input line 3.
) [10



]
\openout2 = `pagevide.aux'.

 (pagevide.tex)
(document_final.lof [11





])
\tf@lof=\write6
\openout6 = `document_final.lof'.

 [12] (document_final.lot [13


])
\tf@lot=\write7
\openout7 = `document_final.lot'.

 [14]
\openout2 = `introduction.aux'.

 (introduction.tex)
Underfull \vbox (badness 2698) has occurred while \output is active []

pdfTeX warning (ext4): destination with the same identifier (name{page.1}) has 
been already used, duplicate ignored
<to be read again> 
                   \relax 
l.176 \include{introduction}
                             [1



]pdfTeX warning (ext4): destination with the same identifier (name{page.2}) has
 been already used, duplicate ignored
<to be read again> 
                   \relax 
l.176 \include{introduction}
                             [2]
\openout2 = `chapitre1.aux'.

 (chapitre1.tex
Chapitre 1.
[3




] <./image_chapitre1/gant.png, id=680, 794.97pt x 413.29407pt>
File: ./image_chapitre1/gant.png Graphic file (type png)

<use ./image_chapitre1/gant.png>
Package pdftex.def Info: ./image_chapitre1/gant.png used on input line 42.
(pdftex.def)             Requested size: 394.66002pt x 205.18344pt.
 [4]) [5 <./image_chapitre1/gant.png>]
\openout2 = `pagevide.aux'.


(pagevide.tex)
\openout2 = `chapitre2.aux'.

 (chapitre2.tex
Chapitre 2.
[6





] <./image_chapitre2/types.png, id=710, 918.43124pt x 374.14781pt>
File: ./image_chapitre2/types.png Graphic file (type png)

<use ./image_chapitre2/types.png>
Package pdftex.def Info: ./image_chapitre2/types.png used on input line 52.
(pdftex.def)             Requested size: 394.66002pt x 160.77765pt.
 [7 <./image_chapitre2/types.png>] [8]
[9] [10]
<./image_chapitre2/documentation.png, id=755, 403.5075pt x 178.41656pt>
File: ./image_chapitre2/documentation.png Graphic file (type png)

<use ./image_chapitre2/documentation.png>
Package pdftex.def Info: ./image_chapitre2/documentation.png used on input line
 176.
(pdftex.def)             Requested size: 350.81262pt x 155.11768pt.
 [11 <./image_chapitre2/documentation.png>] [12]
<./image_chapitre2/maintenanceetautres.png, id=792, 418.56375pt x 331.99031pt>
File: ./image_chapitre2/maintenanceetautres.png Graphic file (type png)

<use ./image_chapitre2/maintenanceetautres.png>
Package pdftex.def Info: ./image_chapitre2/maintenanceetautres.png used on inpu
t line 257.
(pdftex.def)             Requested size: 263.11115pt x 208.68893pt.

Underfull \vbox (badness 10000) has occurred while \output is active []

 [13]
[14 <./image_chapitre2/maintenanceetautres.png>]
<./image_chapitre2/systeme.png, id=802, 985.43156pt x 870.25125pt>
File: ./image_chapitre2/systeme.png Graphic file (type png)

<use ./image_chapitre2/systeme.png>
Package pdftex.def Info: ./image_chapitre2/systeme.png used on input line 272.
(pdftex.def)             Requested size: 438.51411pt x 387.26723pt.

Underfull \hbox (badness 10000) in paragraph at lines 283--290

 []

[15 <./image_chapitre2/systeme.png>] [16] [17]
Underfull \hbox (badness 10000) in paragraph at lines 355--356
[]\T1/lmr/bx/n/10.95 Facilité d'uti-li-sa-
 []


Underfull \hbox (badness 10000) in paragraph at lines 357--357
[]\T1/lmr/m/n/10.95 Environ
 []


Underfull \hbox (badness 10000) in paragraph at lines 357--357
\T1/lmr/m/n/10.95 3300
 []


Underfull \hbox (badness 10000) in paragraph at lines 357--357
\U/eurosym/m/n/10.95 e\T1/lmr/m/n/10.95 pour
 []


Underfull \hbox (badness 10000) in paragraph at lines 357--357
\T1/lmr/m/n/10.95 le mo-no-
 []


Underfull \hbox (badness 10000) in paragraph at lines 357--357
\T1/lmr/m/n/10.95 poste et
 []


Underfull \hbox (badness 10000) in paragraph at lines 357--357
\T1/lmr/m/n/10.95 en-vi-ron
 []


Underfull \hbox (badness 6477) in paragraph at lines 357--357
\T1/lmr/m/n/10.95 500 \U/eurosym/m/n/10.95 e\T1/lmr/m/n/10.95 par
 []


Underfull \hbox (badness 10000) in paragraph at lines 357--357
\T1/lmr/m/n/10.95 Li-cense
 []


Underfull \hbox (badness 10000) in paragraph at lines 357--357
\T1/lmr/m/n/10.95 sup-plé-
 []


Underfull \hbox (badness 1394) in paragraph at lines 357--357
\T1/lmr/m/n/10.95 der gra-tui-te-ment un
 []


Underfull \hbox (badness 10000) in paragraph at lines 357--357
\T1/lmr/m/n/10.95 CD de dé-mons-tra-
 []


Underfull \hbox (badness 10000) in paragraph at lines 357--357
\T1/lmr/m/n/10.95 tion. Com-pa-ti-bi-lité
 []


Underfull \hbox (badness 1546) in paragraph at lines 357--357
\T1/lmr/m/n/10.95 to-tale avec les lo-gi-
 []


Underfull \hbox (badness 10000) in paragraph at lines 357--357
\T1/lmr/m/n/10.95 à ac-qué-rir, multi-
 []


Underfull \hbox (badness 10000) in paragraph at lines 357--357
\T1/lmr/m/n/10.95 utilisateurs, avec
 []


Underfull \hbox (badness 4242) in paragraph at lines 357--357
\T1/lmr/m/n/10.95 droit, évo-lu-tif (per-
 []


Underfull \hbox (badness 4647) in paragraph at lines 357--357
\T1/lmr/m/n/10.95 in-ter-ve-nants, ges-tion
 []


Underfull \hbox (badness 10000) in paragraph at lines 357--357
\T1/lmr/m/n/10.95 des pièces, ges-tion
 []


Underfull \hbox (badness 4660) in paragraph at lines 357--358
[]\T1/lmr/m/n/10.95 Le pa-ra-mé-trage est
 []


Underfull \hbox (badness 2680) in paragraph at lines 357--358
\T1/lmr/m/n/10.95 de la pre-mière uti-
 []


Underfull \hbox (badness 3826) in paragraph at lines 357--358
\T1/lmr/m/n/10.95 pas be-soin de plu-
 []


Underfull \hbox (badness 2894) in paragraph at lines 357--358
\T1/lmr/m/n/10.95 sieurs mois de tra-
 []


Underfull \hbox (badness 1478) in paragraph at lines 357--358
\T1/lmr/m/n/10.95 ra-tion-nel : OP-TIMa
 []


Underfull \hbox (badness 3098) in paragraph at lines 357--358
\T1/lmr/m/n/10.95 est uti-li-sable im-mé-
 []


Overfull \hbox (1.0611pt too wide) in paragraph at lines 359--359
[]\T1/lmr/bx/n/10.95 OptiMaint| 
 []


Underfull \hbox (badness 10000) in paragraph at lines 359--359
[]\T1/lmr/m/n/10.95 A par-tir
 []


Underfull \hbox (badness 8038) in paragraph at lines 359--360
[]\T1/lmr/m/n/10.95 Téléchargement gra-
 []


Underfull \hbox (badness 8056) in paragraph at lines 359--360
\T1/lmr/m/n/10.95 tuit de la ver-sion
 []


Underfull \hbox (badness 10000) in paragraph at lines 359--360
\T1/lmr/m/n/10.95 dé-mons-tra-tion en
 []


Underfull \hbox (badness 10000) in paragraph at lines 359--360
\T1/lmr/m/n/10.95 ligne. Ges-tion du
 []


Underfull \hbox (badness 7291) in paragraph at lines 360--360
\T1/lmr/m/n/10.95 lo-gi-ciels de GPAO,
 []


Underfull \hbox (badness 2644) in paragraph at lines 360--360
\T1/lmr/m/n/10.95 comp-ta-bi-lité, ges-tion
 []


Underfull \hbox (badness 4156) in paragraph at lines 360--360
\T1/lmr/m/n/10.95 com-mer-ciale, achats,
 []


Underfull \hbox (badness 10000) in paragraph at lines 360--360
\T1/lmr/m/n/10.95 d'in-for-ma-tions entre
 []


Underfull \hbox (badness 10000) in paragraph at lines 360--360
\T1/lmr/m/n/10.95 des doubles sai-sies
 []


Underfull \hbox (badness 10000) in paragraph at lines 360--360
\T1/lmr/m/n/10.95 in-utiles et sources
 []


Underfull \hbox (badness 1668) in paragraph at lines 360--361
[]\T1/lmr/m/n/10.95 Simple à mettre en
 []


Underfull \hbox (badness 2717) in paragraph at lines 360--361
\T1/lmr/m/n/10.95 place et im-mé-dia-te-
 []


Underfull \hbox (badness 10000) in paragraph at lines 360--361
\T1/lmr/m/n/10.95 ment opé-ra-tion-nel,
 []


Underfull \hbox (badness 10000) in paragraph at lines 360--361
\T1/lmr/m/n/10.95 il alli une grande
 []


Underfull \hbox (badness 1755) in paragraph at lines 360--361
\T1/lmr/m/n/10.95 ri-chesse fonc-tion-nelle
 []


Underfull \hbox (badness 10000) in paragraph at lines 360--361
\T1/lmr/m/n/10.95 li-sa-tion. Ce-pen-dant
 []


Underfull \hbox (badness 10000) in paragraph at lines 360--361
\T1/lmr/m/n/10.95 une for-ma-tion des
 []


Overfull \hbox (45.43173pt too wide) in paragraph at lines 353--362
 [] 
 []

[18]
Underfull \hbox (badness 10000) in paragraph at lines 368--369
[]\T1/lmr/bx/n/10.95 Facilité d'uti-li-sa-
 []


Underfull \hbox (badness 1314) in paragraph at lines 370--370
[]\T1/lmr/bx/n/10.95 Q.I in-for-
 []


Underfull \hbox (badness 5022) in paragraph at lines 370--370
[]\T1/lmr/m/n/10.95 L'ergonomie est vi-
 []


Underfull \hbox (badness 6641) in paragraph at lines 370--371
\T1/lmr/m/n/10.95 très clai-re-ment par
 []


Underfull \hbox (badness 10000) in paragraph at lines 372--372
[]\T1/lmr/m/n/10.95 A par-tir
 []


Underfull \hbox (badness 10000) in paragraph at lines 372--372
\T1/lmr/m/n/10.95 de 5000
 []


Underfull \hbox (badness 2351) in paragraph at lines 372--372
\U/eurosym/m/n/10.95 e\T1/lmr/m/n/10.95 en fonc-
 []


Underfull \hbox (badness 10000) in paragraph at lines 372--372
\T1/lmr/m/n/10.95 tion du
 []


Underfull \hbox (badness 10000) in paragraph at lines 372--372
\T1/lmr/m/n/10.95 nombre
 []


Underfull \hbox (badness 10000) in paragraph at lines 372--372
\T1/lmr/m/n/10.95 d'uti-li-sa-
 []


Underfull \hbox (badness 3019) in paragraph at lines 372--372
[]\T1/lmr/m/n/10.95 Logiciel GMAO qui
 []


Underfull \hbox (badness 4819) in paragraph at lines 372--372
[]\T1/lmr/m/n/10.95 Très bonne er-go-no-
 []


Underfull \hbox (badness 10000) in paragraph at lines 372--373
[]\T1/lmr/m/n/10.95 Entièrement pen-ser
 []


Overfull \hbox (45.43173pt too wide) in paragraph at lines 366--374
 [] 
 []


Package caption Warning: The option `hypcap=true' will be ignored for this
(caption)                particular \caption on input line 375.
See the caption package documentation for explanation.

<./image_chapitre2/logos.png, id=843, 400.49625pt x 134.75343pt>
File: ./image_chapitre2/logos.png Graphic file (type png)

<use ./image_chapitre2/logos.png>
Package pdftex.def Info: ./image_chapitre2/logos.png used on input line 380.
(pdftex.def)             Requested size: 438.51411pt x 147.5548pt.
) [19 <./image_chapitre2/logos.png>]
\openout2 = `pagevide.aux'.


(pagevide.tex)
\openout2 = `chapitre3.aux'.

 (chapitre3.tex
Chapitre 3.
<./image_chapitre3/Logo_SAIDAL.png, id=849, 321.2pt x 219.82124pt>
File: ./image_chapitre3/Logo_SAIDAL.png Graphic file (type png)

<use ./image_chapitre3/Logo_SAIDAL.png>
Package pdftex.def Info: ./image_chapitre3/Logo_SAIDAL.png used on input line 1
4.
(pdftex.def)             Requested size: 68.28687pt x 46.73402pt.
 [20





 <./image_chapitre3/Logo_SAIDAL.png>] [21] <./image_chapitre3/organigramme.png,
 id=863, 514.17094pt x 815.29594pt>
File: ./image_chapitre3/organigramme.png Graphic file (type png)

<use ./image_chapitre3/organigramme.png>
Package pdftex.def Info: ./image_chapitre3/organigramme.png used on input line 
50.
(pdftex.def)             Requested size: 350.81262pt x 556.27242pt.

Underfull \vbox (badness 10000) has occurred while \output is active []



Package Fancyhdr Warning: \headheight is too small (14.49998pt): 
 Make it at least 15.39603pt.
 We now make it that large for the rest of the document.
 This may cause the page layout to be inconsistent, however.

[22 <./image_chapitre3/organigramme.png>]
<./image_chapitre3/organigramme_maintenance.png, id=870, 521.69907pt x 325.9678
2pt>
File: ./image_chapitre3/organigramme_maintenance.png Graphic file (type png)
 <use ./image_chapitre3/organigramme_maintenance.png>
Package pdftex.def Info: ./image_chapitre3/organigramme_maintenance.png used on
 input line 75.
(pdftex.def)             Requested size: 372.73967pt x 232.8961pt.

<./image_chapitre3/organigramme_maintenance_2.png, id=871, 449.42906pt x 188.20
313pt>
File: ./image_chapitre3/organigramme_maintenance_2.png Graphic file (type png)
 <use ./image_chapitre3/organigramme_maintenance_2.png>
Package pdftex.def Info: ./image_chapitre3/organigramme_maintenance_2.png used 
on input line 82.
(pdftex.def)             Requested size: 350.81262pt x 146.9127pt.
 [23 <./image_chapitre3/organigramme_maintenance.png>] [24 <./image_chapitre3/o
rganigramme_maintenance_2.png>]
Underfull \hbox (badness 10000) in paragraph at lines 107--107
[]\T1/lmr/bx/n/10.95 Intitulé du
 []


Underfull \hbox (badness 10000) in paragraph at lines 109--109
[]\T1/lmr/bx/n/10.95 Description
 []


Package caption Warning: The option `hypcap=true' will be ignored for this
(caption)                particular \caption on input line 129.
See the caption package documentation for explanation.


Underfull \hbox (badness 10000) in paragraph at lines 136--136
[]\T1/lmr/bx/n/10.95 Intitulé du
 []


Underfull \hbox (badness 10000) in paragraph at lines 138--138
[]\T1/lmr/bx/n/10.95 Description
 []


Package caption Warning: The option `hypcap=true' will be ignored for this
(caption)                particular \caption on input line 148.
See the caption package documentation for explanation.


Underfull \hbox (badness 10000) in paragraph at lines 156--156
[]\T1/lmr/bx/n/10.95 Intitulé du
 []


Underfull \hbox (badness 10000) in paragraph at lines 158--158
[]\T1/lmr/bx/n/10.95 Description
 []


Package caption Warning: The option `hypcap=true' will be ignored for this
(caption)                particular \caption on input line 175.
See the caption package documentation for explanation.

[25]
Underfull \hbox (badness 10000) in paragraph at lines 182--182
[]\T1/lmr/bx/n/10.95 Intitulé du
 []


Underfull \hbox (badness 10000) in paragraph at lines 184--184
[]\T1/lmr/bx/n/10.95 Description
 []

[26]
Underfull \hbox (badness 10000) in paragraph at lines 199--199
[]\T1/lmr/bx/n/10.95 Description
 []


Package caption Warning: The option `hypcap=true' will be ignored for this
(caption)                particular \caption on input line 215.
See the caption package documentation for explanation.


Underfull \hbox (badness 10000) in paragraph at lines 222--222
[]\T1/lmr/bx/n/10.95 Intitulé du
 []


Underfull \hbox (badness 10000) in paragraph at lines 224--224
[]\T1/lmr/bx/n/10.95 Description
 []


Package caption Warning: The option `hypcap=true' will be ignored for this
(caption)                particular \caption on input line 237.
See the caption package documentation for explanation.

[27]
Underfull \hbox (badness 10000) in paragraph at lines 245--245
[]\T1/lmr/bx/n/10.95 Intitulé du
 []


Underfull \hbox (badness 10000) in paragraph at lines 247--247
[]\T1/lmr/bx/n/10.95 Description
 []


Package caption Warning: The option `hypcap=true' will be ignored for this
(caption)                particular \caption on input line 262.
See the caption package documentation for explanation.


Underfull \hbox (badness 10000) in paragraph at lines 269--269
[]\T1/lmr/bx/n/10.95 Intitulé du
 []


Underfull \hbox (badness 10000) in paragraph at lines 271--271
[]\T1/lmr/bx/n/10.95 Description
 []


Package caption Warning: The option `hypcap=true' will be ignored for this
(caption)                particular \caption on input line 284.
See the caption package documentation for explanation.

[28]
Underfull \hbox (badness 10000) in paragraph at lines 292--292
[]\T1/lmr/bx/n/10.95 Intitulé du
 []


Underfull \hbox (badness 10000) in paragraph at lines 294--294
[]\T1/lmr/bx/n/10.95 Description
 []


Package caption Warning: The option `hypcap=true' will be ignored for this
(caption)                particular \caption on input line 310.
See the caption package documentation for explanation.

[29]
Underfull \hbox (badness 10000) in paragraph at lines 367--367
\T1/lmr/m/n/10.95 tif des équi-pe-
 []


Underfull \hbox (badness 5446) in paragraph at lines 371--371
[]\T1/lmr/m/n/10.95 Etat des ar-rêts
 []


Underfull \hbox (badness 10000) in paragraph at lines 373--373
[]\T1/lmr/m/n/10.95 Rapport d'ac-ti-
 []


Underfull \hbox (badness 1142) in paragraph at lines 375--375
[]\T1/lmr/m/n/10.95 Nomenclature de
 []


Package caption Warning: The option `hypcap=true' will be ignored for this
(caption)                particular \caption on input line 378.
See the caption package documentation for explanation.

[30] [31]

Package caption Warning: The option `hypcap=true' will be ignored for this
(caption)                particular \caption on input line 434.
See the caption package documentation for explanation.

[32] [33]
<./image_chapitre3/procedure_02.png, id=952, 892.08281pt x 828.09375pt>
File: ./image_chapitre3/procedure_02.png Graphic file (type png)

<use ./image_chapitre3/procedure_02.png>
Package pdftex.def Info: ./image_chapitre3/procedure_02.png used on input line 
463.
(pdftex.def)             Requested size: 438.51411pt x 407.05833pt.
 [34 <./image_chapitre3/procedure_02.png>] [35]
<./image_chapitre3/procedure_03.png, id=976, 1721.68219pt x 1448.41125pt>
File: ./image_chapitre3/procedure_03.png Graphic file (type png)

<use ./image_chapitre3/procedure_03.png>
Package pdftex.def Info: ./image_chapitre3/procedure_03.png used on input line 
489.
(pdftex.def)             Requested size: 438.51411pt x 368.90901pt.
 [36 <./image_chapitre3/procedure_03.png>] [37] [38]
<./image_chapitre3/procedure_06.png, id=1013, 1138.2525pt x 1367.1075pt>
File: ./image_chapitre3/procedure_06.png Graphic file (type png)

<use ./image_chapitre3/procedure_06.png>
Package pdftex.def Info: ./image_chapitre3/procedure_06.png used on input line 
556.
(pdftex.def)             Requested size: 438.51411pt x 526.68222pt.

Underfull \vbox (badness 4686) has occurred while \output is active []

 [39 <./image_chapitre3/procedure_06.png>] [40]
<./image_chapitre3/procedure_07.png, id=1032, 936.49875pt x 1258.7025pt>
File: ./image_chapitre3/procedure_07.png Graphic file (type png)

<use ./image_chapitre3/procedure_07.png>
Package pdftex.def Info: ./image_chapitre3/procedure_07.png used on input line 
584.
(pdftex.def)             Requested size: 438.51411pt x 589.40076pt.
 [41 <./image_chapitre3/procedure_07.png>] <./image_chapitre3/codification.png,
 id=1041, 377.15906pt x 80.55093pt>
File: ./image_chapitre3/codification.png Graphic file (type png)

<use ./image_chapitre3/codification.png>
Package pdftex.def Info: ./image_chapitre3/codification.png used on input line 
599.
(pdftex.def)             Requested size: 175.40295pt x 37.46071pt.


Package caption Warning: The option `hypcap=true' will be ignored for this
(caption)                particular \caption on input line 657.
See the caption package documentation for explanation.

[42 <./image_chapitre3/codification.png>]
Overfull \hbox (2.64215pt too wide) in paragraph at lines 678--687
 [] 
 []


Package caption Warning: The option `hypcap=true' will be ignored for this
(caption)                particular \caption on input line 688.
See the caption package documentation for explanation.


<./image_chapitre3/nombre_interventions.png, id=1050, 565.36218pt x 329.73187pt
>
File: ./image_chapitre3/nombre_interventions.png Graphic file (type png)
 <use ./image_chapitre3/nombre_interventions.png>
Package pdftex.def Info: ./image_chapitre3/nombre_interventions.png used on inp
ut line 695.
(pdftex.def)             Requested size: 394.66002pt x 230.17677pt.
 [43]

Package caption Warning: The option `hypcap=true' will be ignored for this
(caption)                particular \caption on input line 709.
See the caption package documentation for explanation.


Package caption Warning: The option `hypcap=true' will be ignored for this
(caption)                particular \caption on input line 721.
See the caption package documentation for explanation.


Package caption Warning: The option `hypcap=true' will be ignored for this
(caption)                particular \caption on input line 735.
See the caption package documentation for explanation.


Overfull \hbox (45.60425pt too wide) in paragraph at lines 742--754
 [] 
 []


Package caption Warning: The option `hypcap=true' will be ignored for this
(caption)                particular \caption on input line 755.
See the caption package documentation for explanation.

[44 <./image_chapitre3/nombre_interventions.png>] [45] [46] [47] [48]) [49]
\openout2 = `pagevide.aux'.


(pagevide.tex)
\openout2 = `chapitre4.aux'.

 (chapitre4.tex
Chapitre 4.
<./image_chapitre4/2TUP.png, id=1089, 514.17094pt x 320.69812pt>
File: ./image_chapitre4/2TUP.png Graphic file (type png)

<use ./image_chapitre4/2TUP.png>
Package pdftex.def Info: ./image_chapitre4/2TUP.png used on input line 13.
(pdftex.def)             Requested size: 394.66002pt x 246.16025pt.

Underfull \hbox (badness 10000) in paragraph at lines 4--16

 []

[50





] [51 <./image_chapitre4/2TUP.png>]
<./image_chapitre4/acteur.png, id=1108, 288.3272pt x 100.12407pt>
File: ./image_chapitre4/acteur.png Graphic file (type png)

<use ./image_chapitre4/acteur.png>
Package pdftex.def Info: ./image_chapitre4/acteur.png used on input line 42.
(pdftex.def)             Requested size: 394.66002pt x 137.05453pt.

Underfull \hbox (badness 10000) in paragraph at lines 46--47

 []

[52 <./image_chapitre4/acteur.png>]
Underfull \hbox (badness 2269) in paragraph at lines 75--75
\T1/lmr/bx/n/10.95 ment de ges-tion
 []


Underfull \hbox (badness 3746) in paragraph at lines 81--81
[]\T1/lmr/bx/n/10.95 Chef du ser-vice
 []


Underfull \hbox (badness 4805) in paragraph at lines 96--96
[]\T1/lmr/bx/n/10.95 Chef de ser-vice
 []


Underfull \hbox (badness 4805) in paragraph at lines 102--102
[]\T1/lmr/bx/n/10.95 Chef de ser-vice
 []


Underfull \hbox (badness 2134) in paragraph at lines 115--115
[]\T1/lmr/bx/n/10.95 Système de ges-
 []


Package caption Warning: The option `hypcap=true' will be ignored for this
(caption)                particular \caption on input line 121.
See the caption package documentation for explanation.

[53]
Overfull \hbox (1.91905pt too wide) in paragraph at lines 135--135
[]\T1/lmr/bx/n/10.95 Numéro| 
 []


Underfull \hbox (badness 1789) in paragraph at lines 145--145
\T1/lmr/m/n/10.95 ment de ges-tion
 []


Underfull \hbox (badness 1789) in paragraph at lines 147--147
\T1/lmr/m/n/10.95 ment de ges-tion
 []


Underfull \hbox (badness 1789) in paragraph at lines 149--149
\T1/lmr/m/n/10.95 ment de ges-tion
 []


Underfull \hbox (badness 1789) in paragraph at lines 151--151
\T1/lmr/m/n/10.95 ment de ges-tion
 []


Underfull \hbox (badness 1789) in paragraph at lines 153--153
\T1/lmr/m/n/10.95 ment de ges-tion
 []


Underfull \hbox (badness 1789) in paragraph at lines 155--155
\T1/lmr/m/n/10.95 ment de ges-tion
 []


Underfull \hbox (badness 3250) in paragraph at lines 157--157
[]\T1/lmr/m/n/10.95 Chef du ser-vice
 []


Underfull \hbox (badness 3250) in paragraph at lines 159--159
[]\T1/lmr/m/n/10.95 Chef du ser-vice
 []

[54]
Underfull \hbox (badness 3250) in paragraph at lines 167--167
[]\T1/lmr/m/n/10.95 Chef du ser-vice
 []


Underfull \hbox (badness 4378) in paragraph at lines 169--169
[]\T1/lmr/m/n/10.95 Chef de ser-vice
 []


Underfull \hbox (badness 4378) in paragraph at lines 171--171
[]\T1/lmr/m/n/10.95 Chef de ser-vice
 []


Underfull \hbox (badness 4378) in paragraph at lines 173--173
[]\T1/lmr/m/n/10.95 Chef de ser-vice
 []


Underfull \hbox (badness 4378) in paragraph at lines 175--175
[]\T1/lmr/m/n/10.95 Chef de ser-vice
 []


Underfull \hbox (badness 4378) in paragraph at lines 177--177
[]\T1/lmr/m/n/10.95 Chef de ser-vice
 []


Underfull \hbox (badness 4378) in paragraph at lines 179--179
[]\T1/lmr/m/n/10.95 Chef de ser-vice
 []


Underfull \hbox (badness 1755) in paragraph at lines 185--185
[]\T1/lmr/m/n/10.95 Système de ges-
 []


Package caption Warning: The option `hypcap=true' will be ignored for this
(caption)                particular \caption on input line 189.
See the caption package documentation for explanation.


Overfull \hbox (1.91905pt too wide) in paragraph at lines 198--198
[]\T1/lmr/bx/n/10.95 Numéro| 
 []


Underfull \hbox (badness 1789) in paragraph at lines 204--204
\T1/lmr/m/n/10.95 ment de ges-tion
 []


Underfull \hbox (badness 1789) in paragraph at lines 206--206
\T1/lmr/m/n/10.95 ment de ges-tion
 []


Underfull \hbox (badness 4378) in paragraph at lines 208--208
[]\T1/lmr/m/n/10.95 Chef de ser-vice
 []


Underfull \hbox (badness 4378) in paragraph at lines 210--210
[]\T1/lmr/m/n/10.95 Chef de ser-vice
 []


Underfull \hbox (badness 4378) in paragraph at lines 212--212
[]\T1/lmr/m/n/10.95 Chef de ser-vice
 []


Underfull \hbox (badness 4378) in paragraph at lines 214--214
[]\T1/lmr/m/n/10.95 Chef de ser-vice
 []

[55]
Underfull \hbox (badness 4378) in paragraph at lines 222--222
[]\T1/lmr/m/n/10.95 Chef de ser-vice
 []


Underfull \hbox (badness 4378) in paragraph at lines 224--224
[]\T1/lmr/m/n/10.95 Chef de ser-vice
 []


Underfull \hbox (badness 4378) in paragraph at lines 226--226
[]\T1/lmr/m/n/10.95 Chef de ser-vice
 []


Underfull \hbox (badness 4378) in paragraph at lines 228--228
[]\T1/lmr/m/n/10.95 Chef de ser-vice
 []


Package caption Warning: The option `hypcap=true' will be ignored for this
(caption)                particular \caption on input line 236.
See the caption package documentation for explanation.


<./image_chapitre4/diagramme_contexte.png, id=1128, 741.52031pt x 447.17062pt>
File: ./image_chapitre4/diagramme_contexte.png Graphic file (type png)

<use ./image_chapitre4/diagramme_contexte.png>
Package pdftex.def Info: ./image_chapitre4/diagramme_contexte.png used on input
 line 244.
(pdftex.def)             Requested size: 394.66002pt x 238.00232pt.
 [56 <./image_chapitre4/diagramme_contexte.png>]
<./image_chapitre4/use_case.png, id=1137, 313.17pt x 98.61844pt>
File: ./image_chapitre4/use_case.png Graphic file (type png)

<use ./image_chapitre4/use_case.png>
Package pdftex.def Info: ./image_chapitre4/use_case.png used on input line 264.

(pdftex.def)             Requested size: 394.66002pt x 124.28394pt.

Underfull \hbox (badness 10000) in paragraph at lines 268--270

 []


Underfull \hbox (badness 10000) in paragraph at lines 271--272

 []

[57 <./image_chapitre4/use_case.png>]

Package caption Warning: The option `hypcap=true' will be ignored for this
(caption)                particular \caption on input line 289.
See the caption package documentation for explanation.


Underfull \hbox (badness 10000) in paragraph at lines 293--294

 []


Underfull \hbox (badness 10000) in paragraph at lines 295--297

 []


Underfull \hbox (badness 1769) in paragraph at lines 302--302
[]\T1/lmr/bx/n/10.95 Gérer la fiche tech-nique de
 []


Underfull \hbox (badness 10000) in paragraph at lines 304--304
[]\T1/lmr/bx/n/10.95 Gérer la no-men-cla-ture de
 []


Underfull \hbox (badness 4303) in paragraph at lines 306--306
[]\T1/lmr/bx/n/10.95 Gérer la do-cu-men-ta-tion de
 []


Package caption Warning: The option `hypcap=true' will be ignored for this
(caption)                particular \caption on input line 311.
See the caption package documentation for explanation.


Underfull \hbox (badness 10000) in paragraph at lines 318--320

 []

[58]
<./image_chapitre4/CUs_diagramme2.png, id=1152, 515.67656pt x 344.03531pt>
File: ./image_chapitre4/CUs_diagramme2.png Graphic file (type png)

<use ./image_chapitre4/CUs_diagramme2.png>
Package pdftex.def Info: ./image_chapitre4/CUs_diagramme2.png used on input lin
e 323.
(pdftex.def)             Requested size: 394.66002pt x 263.30688pt.
 [59 <./image_chapitre4/CUs_diagramme2.png>]

Package caption Warning: The option `hypcap=true' will be ignored for this
(caption)                particular \caption on input line 367.
See the caption package documentation for explanation.

[60]

Package caption Warning: The option `hypcap=true' will be ignored for this
(caption)                particular \caption on input line 410.
See the caption package documentation for explanation.


Package caption Warning: The option `hypcap=true' will be ignored for this
(caption)                particular \caption on input line 445.
See the caption package documentation for explanation.

[61]

Package caption Warning: The option `hypcap=true' will be ignored for this
(caption)                particular \caption on input line 481.
See the caption package documentation for explanation.

[62]
Underfull \hbox (badness 10000) in paragraph at lines 486--488

 []


Underfull \hbox (badness 2894) in paragraph at lines 495--495
[]\T1/lmr/bx/n/10.95 Gérer les ordres de tra-vail
 []


Package caption Warning: The option `hypcap=true' will be ignored for this
(caption)                particular \caption on input line 504.
See the caption package documentation for explanation.

<./image_chapitre4/CUs_diagramme3.png, id=1171, 599.23875pt x 414.79968pt>
File: ./image_chapitre4/CUs_diagramme3.png Graphic file (type png)

<use ./image_chapitre4/CUs_diagramme3.png>
Package pdftex.def Info: ./image_chapitre4/CUs_diagramme3.png used on input lin
e 513.
(pdftex.def)             Requested size: 394.66002pt x 273.19267pt.

Underfull \hbox (badness 10000) in paragraph at lines 517--518

 []

[63 <./image_chapitre4/CUs_diagramme3.png>]

Package caption Warning: The option `hypcap=true' will be ignored for this
(caption)                particular \caption on input line 551.
See the caption package documentation for explanation.

[64]

Package caption Warning: The option `hypcap=true' will be ignored for this
(caption)                particular \caption on input line 587.
See the caption package documentation for explanation.

[65]

Package caption Warning: The option `hypcap=true' will be ignored for this
(caption)                particular \caption on input line 622.
See the caption package documentation for explanation.

[66]

Package caption Warning: The option `hypcap=true' will be ignored for this
(caption)                particular \caption on input line 664.
See the caption package documentation for explanation.


Package caption Warning: The option `hypcap=true' will be ignored for this
(caption)                particular \caption on input line 701.
See the caption package documentation for explanation.

[67]
Underfull \hbox (badness 10000) in paragraph at lines 706--708

 []


Package caption Warning: The option `hypcap=true' will be ignored for this
(caption)                particular \caption on input line 716.
See the caption package documentation for explanation.

<./image_chapitre4/CUs_diagramme5.png, id=1194, 539.01375pt x 313.17pt>
File: ./image_chapitre4/CUs_diagramme5.png Graphic file (type png)

<use ./image_chapitre4/CUs_diagramme5.png>
Package pdftex.def Info: ./image_chapitre4/CUs_diagramme5.png used on input lin
e 725.
(pdftex.def)             Requested size: 394.66002pt x 229.30031pt.

Underfull \hbox (badness 10000) in paragraph at lines 730--731

 []

[68 <./image_chapitre4/CUs_diagramme5.png>]

Package caption Warning: The option `hypcap=true' will be ignored for this
(caption)                particular \caption on input line 757.
See the caption package documentation for explanation.


Underfull \hbox (badness 10000) in paragraph at lines 763--765

 []


Underfull \hbox (badness 10000) in paragraph at lines 766--767

 []


Underfull \hbox (badness 10000) in paragraph at lines 778--779

 []

[69]
Underfull \hbox (badness 10000) in paragraph at lines 780--781

 []


Underfull \hbox (badness 1194) in paragraph at lines 782--784
[]\T1/lmr/m/n/10.95 Le prin-cipe d'une ar-chi-tec-ture 3-tiers consiste à sé-pa
-rer la réa-li-sa-tion des trois
 []


Underfull \hbox (badness 10000) in paragraph at lines 782--784

 []

<./image_chapitre4/web_3tiers.jpg, id=1208, 639.38875pt x 173.64874pt>
File: ./image_chapitre4/web_3tiers.jpg Graphic file (type jpg)

<use ./image_chapitre4/web_3tiers.jpg>
Package pdftex.def Info: ./image_chapitre4/web_3tiers.jpg used on input line 79
1.
(pdftex.def)             Requested size: 394.66002pt x 107.18416pt.

Underfull \hbox (badness 10000) in paragraph at lines 796--797

 []

[70 <./image_chapitre4/web_3tiers.jpg>]
Underfull \hbox (badness 10000) in paragraph at lines 817--819

 []


Underfull \hbox (badness 10000) in paragraph at lines 828--829

 []


Underfull \hbox (badness 10000) in paragraph at lines 830--831

 []


Package caption Warning: The option `hypcap=true' will be ignored for this
(caption)                particular \caption on input line 843.
See the caption package documentation for explanation.


Underfull \hbox (badness 10000) in paragraph at lines 846--848

 []

[71]
<./image_chapitre4/CUs_diagramme1.png, id=1224, 472.01344pt x 306.39468pt>
File: ./image_chapitre4/CUs_diagramme1.png Graphic file (type png)

<use ./image_chapitre4/CUs_diagramme1.png>
Package pdftex.def Info: ./image_chapitre4/CUs_diagramme1.png used on input lin
e 852.
(pdftex.def)             Requested size: 394.66002pt x 256.18695pt.


Package caption Warning: The option `hypcap=true' will be ignored for this
(caption)                particular \caption on input line 881.
See the caption package documentation for explanation.

[72 <./image_chapitre4/CUs_diagramme1.png>]

Package caption Warning: The option `hypcap=true' will be ignored for this
(caption)                particular \caption on input line 916.
See the caption package documentation for explanation.

[73]

Package caption Warning: The option `hypcap=true' will be ignored for this
(caption)                particular \caption on input line 959.
See the caption package documentation for explanation.

[74]
Underfull \hbox (badness 10000) in paragraph at lines 980--989

 []

<./image_chapitre4/Categorie.png, id=1241, 213.04594pt x 115.18031pt>
File: ./image_chapitre4/Categorie.png Graphic file (type png)

<use ./image_chapitre4/Categorie.png>
Package pdftex.def Info: ./image_chapitre4/Categorie.png used on input line 992
.
(pdftex.def)             Requested size: 219.25705pt x 118.54562pt.
 [75 <./image_chapitre4/Categorie.png>]

Package caption Warning: The option `hypcap=true' will be ignored for this
(caption)                particular \caption on input line 1029.
See the caption package documentation for explanation.


<./image_chapitre4/decoupage_categories.png, id=1247, 544.28343pt x 465.23813pt
>
File: ./image_chapitre4/decoupage_categories.png Graphic file (type png)
 <use ./image_chapitre4/decoupage_categories.png>
Package pdftex.def Info: ./image_chapitre4/decoupage_categories.png used on inp
ut line 1036.
(pdftex.def)             Requested size: 394.66002pt x 337.34224pt.

<./image_chapitre4/Diagramme_classes_documentation.png, id=1250, 569.87906pt x 
464.4853pt>
File: ./image_chapitre4/Diagramme_classes_documentation.png Graphic file (type 
png)
 <use ./image_chapitre4/Diagramme_classes_documentation.png>
Package pdftex.def Info: ./image_chapitre4/Diagramme_classes_documentation.png 
used on input line 1050.
(pdftex.def)             Requested size: 438.51411pt x 357.41382pt.

[76 <./image_chapitre4/decoupage_categories.png>] [77 <./image_chapitre4/Diagra
mme_classes_documentation.png>]
<./image_chapitre4/Diagramme_classes_maintenance.png, id=1263, 612.03656pt x 48
4.05844pt>
File: ./image_chapitre4/Diagramme_classes_maintenance.png Graphic file (type pn
g)
 <use ./image_chapitre4/Diagramme_classes_maintenance.png>
Package pdftex.def Info: ./image_chapitre4/Diagramme_classes_maintenance.png us
ed on input line 1057.
(pdftex.def)             Requested size: 438.51411pt x 346.81561pt.

<./image_chapitre4/Diagramme_classes_admin.png, id=1264, 537.50812pt x 444.9121
9pt>
File: ./image_chapitre4/Diagramme_classes_admin.png Graphic file (type png)
 <use ./image_chapitre4/Diagramme_classes_admin.png>
Package pdftex.def Info: ./image_chapitre4/Diagramme_classes_admin.png used on 
input line 1063.
(pdftex.def)             Requested size: 438.51411pt x 362.97021pt.

Underfull \vbox (badness 10000) has occurred while \output is active []

 [78 <./image_chapitre4/Diagramme_classes_maintenance.png>] [79 <./image_chapit
re4/Diagramme_classes_admin.png>]
Underfull \hbox (badness 10000) in paragraph at lines 1074--1074
[]\T1/lmr/m/n/10.95 désignation de
 []


Underfull \hbox (badness 10000) in paragraph at lines 1081--1081
[]\T1/lmr/m/n/10.95 identifiant du
 []


Underfull \hbox (badness 2401) in paragraph at lines 1082--1082
[]\T1/lmr/m/n/10.95 intitulé du type
 []


Underfull \hbox (badness 10000) in paragraph at lines 1085--1085
[]\T1/lmr/m/n/10.95 désignation de
 []


Underfull \hbox (badness 10000) in paragraph at lines 1086--1086
[]\T1/lmr/m/n/10.95 observation sur
 []


Underfull \hbox (badness 2005) in paragraph at lines 1088--1088
[]\T1/lmr/m/n/10.95 identifiant de la
 []


Underfull \hbox (badness 10000) in paragraph at lines 1089--1089
[]\T1/lmr/m/n/10.95 intitulé de la
 []


Underfull \hbox (badness 1077) in paragraph at lines 1090--1090
[]\T1/lmr/m/n/10.95 périodicité de la
 []


Underfull \hbox (badness 10000) in paragraph at lines 1092--1092
[]\T1/lmr/m/n/10.95 identifiant de
 []

[80]
Underfull \hbox (badness 10000) in paragraph at lines 1103--1103
[]\T1/lmr/m/n/10.95 identifiant du
 []


Underfull \hbox (badness 10000) in paragraph at lines 1105--1105
[]\T1/lmr/m/n/10.95 téléphone du
 []


Underfull \hbox (badness 10000) in paragraph at lines 1106--1106
[]\T1/lmr/m/n/10.95 adresse du
 []


Underfull \hbox (badness 10000) in paragraph at lines 1107--1107
[]\T1/lmr/m/n/10.95 email du
 []


Underfull \hbox (badness 10000) in paragraph at lines 1109--1109
[]\T1/lmr/m/n/10.95 identifiant du
 []


Underfull \hbox (badness 1454) in paragraph at lines 1110--1110
[]\T1/lmr/m/n/10.95 nom du four-nis-
 []


Underfull \hbox (badness 10000) in paragraph at lines 1111--1111
[]\T1/lmr/m/n/10.95 téléphone du
 []


Underfull \hbox (badness 1412) in paragraph at lines 1112--1112
[]\T1/lmr/m/n/10.95 adresse du four-
 []


Underfull \hbox (badness 1215) in paragraph at lines 1118--1118
[]\T1/lmr/m/n/10.95 langue du do-cu-
 []


Underfull \hbox (badness 10000) in paragraph at lines 1120--1120
[]\T1/lmr/m/n/10.95 nombre d'exem-
 []


Underfull \hbox (badness 1178) in paragraph at lines 1120--1120
\T1/lmr/m/n/10.95 plaires du do-cu-
 []


Underfull \hbox (badness 10000) in paragraph at lines 1121--1121
[]\T1/lmr/m/n/10.95 lieu d'ar-chi-vage
 []


Underfull \hbox (badness 10000) in paragraph at lines 1123--1123
[]\T1/lmr/m/n/10.95 identifiant de
 []


Underfull \hbox (badness 10000) in paragraph at lines 1124--1124
[]\T1/lmr/m/n/10.95 désignation de
 []


Underfull \vbox (badness 10000) has occurred while \output is active []

 [81]
Underfull \hbox (badness 2005) in paragraph at lines 1133--1133
[]\T1/lmr/m/n/10.95 identifiant de la
 []


Underfull \hbox (badness 2005) in paragraph at lines 1137--1137
[]\T1/lmr/m/n/10.95 identifiant de la
 []


Underfull \hbox (badness 4621) in paragraph at lines 1138--1138
[]\T1/lmr/m/n/10.95 date de la de-
 []


Underfull \hbox (badness 1325) in paragraph at lines 1140--1140
[]\T1/lmr/m/n/10.95 degré de gra-vité
 []


Underfull \hbox (badness 6032) in paragraph at lines 1142--1142
[]\T1/lmr/m/n/10.95 état de la de-
 []


Underfull \hbox (badness 4403) in paragraph at lines 1143--1143
[]\T1/lmr/m/n/10.95 type de la de-
 []


Underfull \hbox (badness 10000) in paragraph at lines 1145--1145
[]\T1/lmr/m/n/10.95 identifiant de
 []


Underfull \hbox (badness 10000) in paragraph at lines 1147--1147
[]\T1/lmr/m/n/10.95 description des
 []


Underfull \hbox (badness 1092) in paragraph at lines 1147--1147
\T1/lmr/m/n/10.95 tra-vaux conte-nus
 []


Underfull \hbox (badness 5711) in paragraph at lines 1147--1147
\T1/lmr/m/n/10.95 dans l'ordre de
 []


Underfull \vbox (badness 10000) has occurred while \output is active []

 [82]
Underfull \hbox (badness 1472) in paragraph at lines 1160--1160
[]\T1/lmr/m/n/10.95 durée de l'in-ter-
 []


Underfull \hbox (badness 5667) in paragraph at lines 1161--1161
[]\T1/lmr/m/n/10.95 détails des tra-
 []


Underfull \hbox (badness 4132) in paragraph at lines 1161--1161
\T1/lmr/m/n/10.95 vaux de l'in-ter-
 []


Underfull \hbox (badness 10000) in paragraph at lines 1163--1163
[]\T1/lmr/m/n/10.95 identifiant du
 []


Underfull \hbox (badness 4168) in paragraph at lines 1164--1164
[]\T1/lmr/m/n/10.95 nom du tech-ni-
 []


Underfull \hbox (badness 1389) in paragraph at lines 1164--1164
[]\T1/lmr/m/n/10.95 chaine de ca-
 []


Underfull \hbox (badness 1389) in paragraph at lines 1165--1165
[]\T1/lmr/m/n/10.95 chaine de ca-
 []


Underfull \hbox (badness 10000) in paragraph at lines 1166--1166
[]\T1/lmr/m/n/10.95 téléphone du
 []


Underfull \hbox (badness 4168) in paragraph at lines 1167--1167
[]\T1/lmr/m/n/10.95 mail du tech-ni-
 []


Underfull \hbox (badness 10000) in paragraph at lines 1169--1169
[]\T1/lmr/m/n/10.95 identifiant du
 []


Underfull \hbox (badness 8189) in paragraph at lines 1169--1169
\T1/lmr/m/n/10.95 PMP (Plan de
 []


Underfull \hbox (badness 10000) in paragraph at lines 1169--1169
\T1/lmr/m/n/10.95 la Main-te-nance
 []


Underfull \hbox (badness 10000) in paragraph at lines 1170--1170
[]\T1/lmr/m/n/10.95 date dé-but du
 []


Underfull \hbox (badness 2486) in paragraph at lines 1172--1172
\T1/lmr/m/n/10.95 nance pré-ven-tive
 []


Underfull \hbox (badness 10000) in paragraph at lines 1172--1172
\T1/lmr/m/n/10.95 (Sys-té-ma-tique,
 []


Underfull \hbox (badness 1389) in paragraph at lines 1172--1173
[]\T1/lmr/m/n/10.95 chaine de ca-
 []


Underfull \hbox (badness 10000) in paragraph at lines 1174--1174
[]\T1/lmr/m/n/10.95 identifiant du
 []


Underfull \hbox (badness 10000) in paragraph at lines 1175--1175
[]\T1/lmr/m/n/10.95 nom du sous-
 []


Underfull \hbox (badness 1389) in paragraph at lines 1175--1175
[]\T1/lmr/m/n/10.95 chaine de ca-
 []


Underfull \hbox (badness 1389) in paragraph at lines 1176--1176
[]\T1/lmr/m/n/10.95 chaine de ca-
 []


Underfull \hbox (badness 10000) in paragraph at lines 1177--1177
[]\T1/lmr/m/n/10.95 téléphone du
 []


Underfull \hbox (badness 10000) in paragraph at lines 1178--1178
[]\T1/lmr/m/n/10.95 mail du sous-
 []


Underfull \hbox (badness 1389) in paragraph at lines 1178--1179
[]\T1/lmr/m/n/10.95 chaine de ca-
 []


Underfull \vbox (badness 10000) has occurred while \output is active []

 [83]
Underfull \hbox (badness 10000) in paragraph at lines 1186--1186
[]\T1/lmr/m/n/10.95 identifiant du
 []


Underfull \hbox (badness 1424) in paragraph at lines 1186--1186
\T1/lmr/m/n/10.95 contrat de sous-
 []


Underfull \hbox (badness 2591) in paragraph at lines 1187--1187
[]\T1/lmr/m/n/10.95 date du contrat
 []


Underfull \hbox (badness 10000) in paragraph at lines 1188--1188
[]\T1/lmr/m/n/10.95 montant du
 []


Underfull \hbox (badness 1424) in paragraph at lines 1188--1188
\T1/lmr/m/n/10.95 contrat de sous-
 []


Overfull \hbox (4.52707pt too wide) in paragraph at lines 1189--1189
[]\T1/lmr/m/n/10.95 mod_pay_contrat_sous_trait| 
 []


Underfull \hbox (badness 10000) in paragraph at lines 1189--1189
[]\T1/lmr/m/n/10.95 mode de paye-
 []


Underfull \hbox (badness 1389) in paragraph at lines 1189--1190
[]\T1/lmr/m/n/10.95 chaine de ca-
 []


Underfull \hbox (badness 10000) in paragraph at lines 1191--1191
[]\T1/lmr/m/n/10.95 identifiant de
 []


Underfull \hbox (badness 1389) in paragraph at lines 1192--1192
[]\T1/lmr/m/n/10.95 chaine de ca-
 []


Underfull \hbox (badness 1389) in paragraph at lines 1193--1193
[]\T1/lmr/m/n/10.95 chaine de ca-
 []


Underfull \hbox (badness 1389) in paragraph at lines 1194--1194
[]\T1/lmr/m/n/10.95 chaine de ca-
 []


Underfull \hbox (badness 1389) in paragraph at lines 1195--1195
[]\T1/lmr/m/n/10.95 chaine de ca-
 []


Underfull \hbox (badness 1077) in paragraph at lines 1196--1196
[]\T1/lmr/m/n/10.95 date de créa-tion
 []


Underfull \hbox (badness 1389) in paragraph at lines 1199--1199
[]\T1/lmr/m/n/10.95 chaine de ca-
 []


Underfull \hbox (badness 1077) in paragraph at lines 1200--1200
[]\T1/lmr/m/n/10.95 date de créa-tion
 []


Underfull \hbox (badness 1052) in paragraph at lines 1200--1200
\T1/lmr/m/n/10.95 du pro-fil uti-li-sa-
 []


Underfull \hbox (badness 2005) in paragraph at lines 1202--1202
[]\T1/lmr/m/n/10.95 identifiant de la
 []


Underfull \hbox (badness 1389) in paragraph at lines 1203--1203
[]\T1/lmr/m/n/10.95 chaine de ca-
 []


Underfull \hbox (badness 1389) in paragraph at lines 1204--1205
[]\T1/lmr/m/n/10.95 chaine de ca-
 []


Package caption Warning: The option `hypcap=true' will be ignored for this
(caption)                particular \caption on input line 1207.
See the caption package documentation for explanation.

[84]
Underfull \hbox (badness 10000) in paragraph at lines 1212--1215

 []


Package caption Warning: The option `hypcap=true' will be ignored for this
(caption)                particular \caption on input line 1250.
See the caption package documentation for explanation.

[85]
<./image_chapitre4/DSQ_authentification.png, id=1306, 426.84468pt x 361.35pt>
File: ./image_chapitre4/DSQ_authentification.png Graphic file (type png)

<use ./image_chapitre4/DSQ_authentification.png>
Package pdftex.def Info: ./image_chapitre4/DSQ_authentification.png used on inp
ut line 1258.
(pdftex.def)             Requested size: 394.66002pt x 334.12773pt.

Underfull \hbox (badness 10000) in paragraph at lines 1255--1261

 []

[86 <./image_chapitre4/DSQ_authentification.png>]
<./image_chapitre4/DSQ_ajouter_user.png, id=1312, 426.84468pt x 420.06938pt>
File: ./image_chapitre4/DSQ_ajouter_user.png Graphic file (type png)

<use ./image_chapitre4/DSQ_ajouter_user.png>
Package pdftex.def Info: ./image_chapitre4/DSQ_ajouter_user.png used on input l
ine 1266.
(pdftex.def)             Requested size: 394.66002pt x 388.4235pt.
 [87 <./image_chapitre4/DSQ_ajouter_user.png>]
<./image_chapitre4/DSQ_ajouter_equip.png, id=1318, 660.96938pt x 474.27188pt>
File: ./image_chapitre4/DSQ_ajouter_equip.png Graphic file (type png)

<use ./image_chapitre4/DSQ_ajouter_equip.png>
Package pdftex.def Info: ./image_chapitre4/DSQ_ajouter_equip.png used on input 
line 1274.
(pdftex.def)             Requested size: 438.51411pt x 314.66316pt.
 [88 <./image_chapitre4/DSQ_ajouter_equip.png>]
<./image_chapitre4/DSQ_ajouter_DR.png, id=1324, 583.42969pt x 457.71pt>
File: ./image_chapitre4/DSQ_ajouter_DR.png Graphic file (type png)

<use ./image_chapitre4/DSQ_ajouter_DR.png>
Package pdftex.def Info: ./image_chapitre4/DSQ_ajouter_DR.png used on input lin
e 1282.
(pdftex.def)             Requested size: 438.51411pt x 344.02896pt.
 [89 <./image_chapitre4/DSQ_ajouter_DR.png>]
<./image_chapitre4/DSQ_ajouter_OT.png, id=1331, 454.69875pt x 456.20438pt>
File: ./image_chapitre4/DSQ_ajouter_OT.png Graphic file (type png)

<use ./image_chapitre4/DSQ_ajouter_OT.png>
Package pdftex.def Info: ./image_chapitre4/DSQ_ajouter_OT.png used on input lin
e 1290.
(pdftex.def)             Requested size: 438.51411pt x 439.96994pt.
 [90 <./image_chapitre4/DSQ_ajouter_OT.png>]
<./image_chapitre4/DSQ_generer_PMP.png, id=1337, 682.80093pt x 466.74374pt>
File: ./image_chapitre4/DSQ_generer_PMP.png Graphic file (type png)

<use ./image_chapitre4/DSQ_generer_PMP.png>
Package pdftex.def Info: ./image_chapitre4/DSQ_generer_PMP.png used on input li
ne 1298.
(pdftex.def)             Requested size: 438.51411pt x 299.7619pt.
 [91 <./image_chapitre4/DSQ_generer_PMP.png>]
<./image_chapitre4/DSQ_generer_planning_preventif.png, id=1343, 595.47469pt x 4
56.95718pt>
File: ./image_chapitre4/DSQ_generer_planning_preventif.png Graphic file (type p
ng)
 <use ./image_chapitre4/DSQ_generer_planning_preventif.png>
Package pdftex.def Info: ./image_chapitre4/DSQ_generer_planning_preventif.png u
sed on input line 1306.
(pdftex.def)             Requested size: 438.51411pt x 336.50446pt.
 [92 <./image_chapitre4/DSQ_generer_planning_preventif.png>]
<./image_chapitre4/DSQ_ajouter_dossier_sous_traitance.png, id=1349, 521.69907pt
 x 446.41782pt>
File: ./image_chapitre4/DSQ_ajouter_dossier_sous_traitance.png Graphic file (ty
pe png)
 <use ./image_chapitre4/DSQ_ajouter_dossier_sous_traitance.png>
Package pdftex.def Info: ./image_chapitre4/DSQ_ajouter_dossier_sous_traitance.p
ng used on input line 1314.
(pdftex.def)             Requested size: 438.51411pt x 375.24043pt.

[93 <./image_chapitre4/DSQ_ajouter_dossier_sous_traitance.png>] [94]
Chapitre 5.
[95

]) [96]
\openout2 = `pagevide.aux'.

 (pagevide.tex)
\openout2 = `biblio1.aux'.

 (biblio1.tex
LaTeX Font Info:    Try loading font information for T1+lmtt on input line 10.

("C:\Program Files\MiKTeX 2.9\tex\latex\lm\t1lmtt.fd"
File: t1lmtt.fd 2009/10/30 v1.6 Font defs for Latin Modern
)
Underfull \hbox (badness 1275) in paragraph at lines 27--33
[]\T1/lmr/m/n/10.95 Vincent \T1/lmr/m/sc/10.95 DRECQ \T1/lmr/m/n/10.95 :  La gm
ao en quelques lignes.  Dis-po-nible en ligne
 []


Underfull \hbox (badness 4120) in paragraph at lines 27--33
\T1/lmr/m/n/10.95 sur : [][]$\T1/lmtt/m/n/10.95 http : / / www . conseilorga . 
com / Documents / octobre % 202008 % 20-[] % 20La %
 []

[97





]
Underfull \hbox (badness 10000) in paragraph at lines 101--106
[]\T1/lmr/m/n/10.95 Introduction à la main-te-nance.  Dis-po-nible en ligne sur
 :
 []


Underfull \hbox (badness 10000) in paragraph at lines 101--106
[][]$\T1/lmtt/m/n/10.95 http : / / www . technologuepro . com / maintenance-[]i
ndustrielle /
 []


Underfull \hbox (badness 5711) in paragraph at lines 101--106
\T1/lmtt/m/n/10.95 chapitre-[]4-[]la-[]documentation-[]enmaintenance . pdf$[][]
\T1/lmr/m/n/10.95 , 2014.  [Consulté le
 []


Underfull \hbox (badness 7168) in paragraph at lines 140--145
[]\T1/lmr/m/n/10.95 Laurent \T1/lmr/m/sc/10.95 AU-DI-BERT \T1/lmr/m/n/10.95 :  
\T1/lmr/m/it/10.95 UML 2 De L ?ap-pren-tis-sage à
 []

) [98]
\openout2 = `pagevide.aux'.

 (pagevide.tex)
Package atveryend Info: Empty hook `BeforeClearDocument' on input line 228.
Package atveryend Info: Empty hook `AfterLastShipout' on input line 228.
 (document_final.aux (ppgarde.aux) (pagevide.aux)
(dedicace.aux) (thanks.aux) (abstract.aux) (symbabrev.aux) (pagevide.aux)
(introduction.aux) (chapitre1.aux) (pagevide.aux) (chapitre2.aux) (pagevide.aux
) (chapitre3.aux) (pagevide.aux) (chapitre4.aux) (pagevide.aux) (biblio1.aux)
(pagevide.aux))
Package atveryend Info: Executing hook `AtVeryEndDocument' on input line 228.
Package atveryend Info: Executing hook `AtEndAfterFileList' on input line 228.
Package rerunfilecheck Info: File `document_final.out' has not changed.
(rerunfilecheck)             Checksum: 55E52B340CDE075B833B50304A848132;5288.


LaTeX Font Warning: Some font shapes were not available, defaults substituted.


LaTeX Warning: There were multiply-defined labels.

Package atveryend Info: Empty hook `AtVeryVeryEnd' on input line 228.
 ) 
Here is how much of TeX's memory you used:
 11347 strings out of 493335
 168602 string characters out of 3139251
 376103 words of memory out of 3000000
 14112 multiletter control sequences out of 15000+200000
 87036 words of font info for 62 fonts, out of 3000000 for 9000
 1141 hyphenation exceptions out of 8191
 36i,12n,58p,810b,642s stack positions out of 5000i,500n,10000p,200000b,50000s
{C:/Program Files/MiKTeX 2.9/fonts/enc/dvips/lm/lm-ec.enc}{C:/Program Files/M
iKTeX 2.9/fonts/enc/dvips/lm/lm-mathsy.enc}<C:/Program Files/MiKTeX 2.9/fonts/t
ype1/public/eurosym/feymr10.pfb><C:/Program Files/MiKTeX 2.9/fonts/type1/public
/lm/lmbx10.pfb><C:/Program Files/MiKTeX 2.9/fonts/type1/public/lm/lmbx12.pfb><C
:/Program Files/MiKTeX 2.9/fonts/type1/public/lm/lmcsc10.pfb><C:/Program Files/
MiKTeX 2.9/fonts/type1/public/lm/lmr10.pfb><C:/Program Files/MiKTeX 2.9/fonts/t
ype1/public/lm/lmr12.pfb><C:/Program Files/MiKTeX 2.9/fonts/type1/public/lm/lmr
17.pfb><C:/Program Files/MiKTeX 2.9/fonts/type1/public/lm/lmr8.pfb><C:/Program 
Files/MiKTeX 2.9/fonts/type1/public/lm/lmri10.pfb><C:/Program Files/MiKTeX 2.9/
fonts/type1/public/lm/lmri12.pfb><C:/Program Files/MiKTeX 2.9/fonts/type1/publi
c/lm/lmsy8.pfb><C:/Program Files/MiKTeX 2.9/fonts/type1/public/lm/lmtt10.pfb>
Output written on document_final.pdf (112 pages, 2573854 bytes).
PDF statistics:
 1522 PDF objects out of 1728 (max. 8388607)
 387 named destinations out of 1000 (max. 500000)
 748 words of extra memory for PDF output out of 10000 (max. 10000000)

