\BOOKMARK [0][-]{figure.caption.1}{D\351dicace}{}% 1
\BOOKMARK [0][-]{section*.2}{Remerciements}{}% 2
\BOOKMARK [0][-]{section*.3}{R\351sum\351 et Mots Cl\351s}{}% 3
\BOOKMARK [0][-]{section*.8}{Table des mati\350res}{}% 4
\BOOKMARK [0][-]{section*.9}{Liste des abr\351viations}{}% 5
\BOOKMARK [0][-]{section*.10}{Table des figures}{}% 6
\BOOKMARK [0][-]{section*.11}{Liste de tableaux}{}% 7
\BOOKMARK [0][-]{section*.12}{Introduction g\351n\351rale}{}% 8
\BOOKMARK [0][-]{chapter.1}{Pr\351sentation du sujet}{}% 9
\BOOKMARK [1][-]{section.1.1}{Probl\351matique}{chapter.1}% 10
\BOOKMARK [1][-]{section.1.2}{Objectifs}{chapter.1}% 11
\BOOKMARK [1][-]{section.1.3}{Planification du projet}{chapter.1}% 12
\BOOKMARK [1][-]{section.1.4}{Organisation du m\351moire}{chapter.1}% 13
\BOOKMARK [0][-]{chapter.2}{Synth\350se bibliographique}{}% 14
\BOOKMARK [1][-]{section.2.1}{Maintenance}{chapter.2}% 15
\BOOKMARK [2][-]{subsection.2.1.1}{D\351finitions}{section.2.1}% 16
\BOOKMARK [2][-]{subsection.2.1.2}{Types de la maintenance}{section.2.1}% 17
\BOOKMARK [2][-]{subsection.2.1.3}{Niveaux de maintenance}{section.2.1}% 18
\BOOKMARK [2][-]{subsection.2.1.4}{Objectifs de la maintenance}{section.2.1}% 19
\BOOKMARK [2][-]{subsection.2.1.5}{Documentation de la maintenance}{section.2.1}% 20
\BOOKMARK [2][-]{subsection.2.1.6}{La maintenance et les autres fonctions de l'entreprise}{section.2.1}% 21
\BOOKMARK [2][-]{subsection.2.1.7}{Pr\351sentation d'un syst\350me de gestion de la maintenance:}{section.2.1}% 22
\BOOKMARK [1][-]{section.2.2}{Gestion de la maintenance assist\351e par ordinateur \(GMAO\)}{chapter.2}% 23
\BOOKMARK [2][-]{subsection.2.2.1}{D\351finition de la GMAO}{section.2.2}% 24
\BOOKMARK [2][-]{subsection.2.2.2}{Fonctionnalit\351s d'un GMAO}{section.2.2}% 25
\BOOKMARK [2][-]{subsection.2.2.3}{Secteurs d'activit\351 concern\351s par la GMAO}{section.2.2}% 26
\BOOKMARK [2][-]{subsection.2.2.4}{Apport de la GMAO}{section.2.2}% 27
\BOOKMARK [2][-]{subsection.2.2.5}{March\351 des GMAO}{section.2.2}% 28
\BOOKMARK [0][-]{chapter.3}{\311tude de l'existant}{}% 29
\BOOKMARK [1][-]{section.3.1}{Pr\351sentation du groupe SAIDAL}{chapter.3}% 30
\BOOKMARK [2][-]{subsection.3.1.1}{Historique}{section.3.1}% 31
\BOOKMARK [2][-]{subsection.3.1.2}{Missions}{section.3.1}% 32
\BOOKMARK [2][-]{subsection.3.1.3}{Organigramme g\351n\351rale du Groupe SAIDAL}{section.3.1}% 33
\BOOKMARK [2][-]{subsection.3.1.4}{Site de production Dar El Beida}{section.3.1}% 34
\BOOKMARK [2][-]{subsection.3.1.5}{Lieu d'affectation du stage: la sous-direction de maintenance}{section.3.1}% 35
\BOOKMARK [1][-]{section.3.2}{Analyse de l'existant}{chapter.3}% 36
\BOOKMARK [2][-]{subsection.3.2.1}{\311tude des postes de travail}{section.3.2}% 37
\BOOKMARK [2][-]{subsection.3.2.2}{\311tude des documents}{section.3.2}% 38
\BOOKMARK [2][-]{subsection.3.2.3}{\311tude des proc\351dures de travail}{section.3.2}% 39
\BOOKMARK [2][-]{subsection.3.2.4}{\311tude de la codification existante}{section.3.2}% 40
\BOOKMARK [2][-]{subsection.3.2.5}{\311tude quantitative}{section.3.2}% 41
\BOOKMARK [2][-]{subsection.3.2.6}{Nomenclature des \351quipements}{section.3.2}% 42
\BOOKMARK [2][-]{subsection.3.2.7}{Analyse de la situation informatique}{section.3.2}% 43
\BOOKMARK [2][-]{subsection.3.2.8}{Diagnostic de l'existant}{section.3.2}% 44
\BOOKMARK [0][-]{chapter.4}{\311tude conceptuelle }{}% 45
\BOOKMARK [1][-]{section.4.1}{Introduction}{chapter.4}% 46
\BOOKMARK [1][-]{section.4.2}{ Etude pr\351liminaire }{chapter.4}% 47
\BOOKMARK [2][-]{subsection.4.2.1}{ Identification des acteurs }{section.4.2}% 48
\BOOKMARK [2][-]{subsection.4.2.2}{ Identification des messages }{section.4.2}% 49
\BOOKMARK [2][-]{subsection.4.2.3}{ Diagramme de contexte }{section.4.2}% 50
\BOOKMARK [1][-]{section.4.3}{ Capture de besoins }{chapter.4}% 51
\BOOKMARK [2][-]{subsection.4.3.1}{ Captures des besoins fonctionnels }{section.4.3}% 52
\BOOKMARK [2][-]{subsection.4.3.2}{ Captures des besoins techniques }{section.4.3}% 53
\BOOKMARK [1][-]{section.4.4}{ Analyse }{chapter.4}% 54
\BOOKMARK [2][-]{subsection.4.4.1}{ D\351coupage en cat\351gories }{section.4.4}% 55
\BOOKMARK [2][-]{subsection.4.4.2}{ D\351veloppement du mod\350le statique }{section.4.4}% 56
\BOOKMARK [2][-]{subsection.4.4.3}{ D\351veloppement du mod\350le dynamique }{section.4.4}% 57
\BOOKMARK [2][-]{subsection.4.4.4}{ Conclusion }{section.4.4}% 58
\BOOKMARK [0][-]{chapter.5}{R\351alisation et s\351curit\351 de la solution }{}% 59
\BOOKMARK [1][-]{section.5.1}{Introduction}{chapter.5}% 60
\BOOKMARK [1][-]{section.5.2}{Les technologies de d\351veloppements utilis\351es}{chapter.5}% 61
\BOOKMARK [2][-]{subsection.5.2.1}{Choix du SGBD}{section.5.2}% 62
\BOOKMARK [2][-]{subsection.5.2.2}{Choix du l'IDE}{section.5.2}% 63
\BOOKMARK [2][-]{subsection.5.2.3}{Choix du serveur Web}{section.5.2}% 64
\BOOKMARK [2][-]{subsection.5.2.4}{Choix du langage}{section.5.2}% 65
\BOOKMARK [2][-]{subsection.5.2.5}{N\351cessit\351 d'un Framework}{section.5.2}% 66
\BOOKMARK [1][-]{section.5.3}{La s\351curit\351 du syst\350me}{chapter.5}% 67
\BOOKMARK [1][-]{section.5.4}{Pr\351sentation du prototype r\351alis\351}{chapter.5}% 68
\BOOKMARK [0][-]{section*.98}{Bibliographie - Webographie}{}% 69
